21-Aug-2018 18:37:05.398 INFO [main] org.apache.catalina.startup.VersionLoggerListener.log Server version:        Apache Tomcat/8.5.3
21-Aug-2018 18:37:05.398 INFO [main] org.apache.catalina.startup.VersionLoggerListener.log Server built:          Jun 9 2016 11:16:29 UTC
21-Aug-2018 18:37:05.398 INFO [main] org.apache.catalina.startup.VersionLoggerListener.log Server number:         8.5.3.0
21-Aug-2018 18:37:05.398 INFO [main] org.apache.catalina.startup.VersionLoggerListener.log OS Name:               Windows 8.1
21-Aug-2018 18:37:05.398 INFO [main] org.apache.catalina.startup.VersionLoggerListener.log OS Version:            6.3
21-Aug-2018 18:37:05.398 INFO [main] org.apache.catalina.startup.VersionLoggerListener.log Architecture:          amd64
21-Aug-2018 18:37:05.398 INFO [main] org.apache.catalina.startup.VersionLoggerListener.log Java Home:             D:\jdk1.8.0_121\jre
21-Aug-2018 18:37:05.398 INFO [main] org.apache.catalina.startup.VersionLoggerListener.log JVM Version:           1.8.0_121-b13
21-Aug-2018 18:37:05.398 INFO [main] org.apache.catalina.startup.VersionLoggerListener.log JVM Vendor:            Oracle Corporation
21-Aug-2018 18:37:05.398 INFO [main] org.apache.catalina.startup.VersionLoggerListener.log CATALINA_BASE:         D:\apache-tomcat-8.5.3
21-Aug-2018 18:37:05.413 INFO [main] org.apache.catalina.startup.VersionLoggerListener.log CATALINA_HOME:         D:\apache-tomcat-8.5.3
21-Aug-2018 18:37:05.413 INFO [main] org.apache.catalina.startup.VersionLoggerListener.log Command line argument: -Djdk.tls.ephemeralDHKeySize=2048
21-Aug-2018 18:37:05.413 INFO [main] org.apache.catalina.startup.VersionLoggerListener.log Command line argument: -Djava.util.logging.config.file=D:\apache-tomcat-8.5.3\conf\logging.properties
21-Aug-2018 18:37:05.413 INFO [main] org.apache.catalina.startup.VersionLoggerListener.log Command line argument: -Djava.util.logging.manager=org.apache.juli.ClassLoaderLogManager
21-Aug-2018 18:37:05.413 INFO [main] org.apache.catalina.startup.VersionLoggerListener.log Command line argument: -Dcatalina.base=D:\apache-tomcat-8.5.3
21-Aug-2018 18:37:05.413 INFO [main] org.apache.catalina.startup.VersionLoggerListener.log Command line argument: -Dcatalina.home=D:\apache-tomcat-8.5.3
21-Aug-2018 18:37:05.413 INFO [main] org.apache.catalina.startup.VersionLoggerListener.log Command line argument: -Djava.io.tmpdir=D:\apache-tomcat-8.5.3\temp
21-Aug-2018 18:37:07.947 INFO [main] org.apache.coyote.AbstractProtocol.init Initializing ProtocolHandler ["https-jsse-nio-443"]
21-Aug-2018 18:37:09.602 INFO [main] org.apache.tomcat.util.net.NioSelectorPool.getSharedSelector Using a shared selector for servlet write/read
21-Aug-2018 18:37:09.618 INFO [main] org.apache.coyote.AbstractProtocol.init Initializing ProtocolHandler ["ajp-nio-8007"]
21-Aug-2018 18:37:09.618 INFO [main] org.apache.tomcat.util.net.NioSelectorPool.getSharedSelector Using a shared selector for servlet write/read
21-Aug-2018 18:37:09.618 INFO [main] org.apache.catalina.startup.Catalina.load Initialization processed in 6781 ms
21-Aug-2018 18:37:09.758 INFO [main] org.apache.catalina.core.StandardService.startInternal Starting service Catalina
21-Aug-2018 18:37:09.758 INFO [main] org.apache.catalina.core.StandardEngine.startInternal Starting Servlet Engine: Apache Tomcat/8.5.3
21-Aug-2018 18:37:09.805 INFO [localhost-startStop-1] org.apache.catalina.startup.HostConfig.deployDirectory Deploying web application directory D:\apache-tomcat-8.5.3\webapps\home
21-Aug-2018 18:37:09.967 WARNING [localhost-startStop-1] org.apache.catalina.webresources.Cache.getResource Unable to add the resource at [/WEB-INF/lib/spring-jdbc-3.2.3.RELEASE.jar] to the cache because there was insufficient free space available after evicting expired cache entries - consider increasing the maximum size of the cache
21-Aug-2018 18:37:09.967 WARNING [localhost-startStop-1] org.apache.catalina.webresources.Cache.getResource Unable to add the resource at [/WEB-INF/lib/spring-orm-4.3.4.RELEASE.jar] to the cache because there was insufficient free space available after evicting expired cache entries - consider increasing the maximum size of the cache
21-Aug-2018 18:37:09.967 WARNING [localhost-startStop-1] org.apache.catalina.webresources.Cache.getResource Unable to add the resource at [/WEB-INF/lib/stax2-api-3.1.3.jar] to the cache because there was insufficient free space available after evicting expired cache entries - consider increasing the maximum size of the cache
21-Aug-2018 18:37:09.967 WARNING [localhost-startStop-1] org.apache.catalina.webresources.Cache.getResource Unable to add the resource at [/WEB-INF/lib/woodstox-core-asl-4.2.0.jar] to the cache because there was insufficient free space available after evicting expired cache entries - consider increasing the maximum size of the cache
21-Aug-2018 18:37:09.967 WARNING [localhost-startStop-1] org.apache.catalina.webresources.Cache.getResource Unable to add the resource at [/WEB-INF/lib/wsdl4j-1.6.3.jar] to the cache because there was insufficient free space available after evicting expired cache entries - consider increasing the maximum size of the cache
21-Aug-2018 18:37:09.967 WARNING [localhost-startStop-1] org.apache.catalina.webresources.Cache.getResource Unable to add the resource at [/WEB-INF/lib/xml-resolver-1.2.jar] to the cache because there was insufficient free space available after evicting expired cache entries - consider increasing the maximum size of the cache
21-Aug-2018 18:37:09.967 WARNING [localhost-startStop-1] org.apache.catalina.webresources.Cache.getResource Unable to add the resource at [/WEB-INF/lib/xmlschema-core-2.0.3.jar] to the cache because there was insufficient free space available after evicting expired cache entries - consider increasing the maximum size of the cache
21-Aug-2018 18:37:13.246 WARNING [localhost-startStop-1] org.apache.catalina.webresources.Cache.getResource Unable to add the resource at [/WEB-INF/lib/spring-jdbc-3.2.3.RELEASE.jar] to the cache because there was insufficient free space available after evicting expired cache entries - consider increasing the maximum size of the cache
21-Aug-2018 18:37:13.246 WARNING [localhost-startStop-1] org.apache.catalina.webresources.Cache.getResource Unable to add the resource at [/WEB-INF/lib/spring-orm-4.3.4.RELEASE.jar] to the cache because there was insufficient free space available after evicting expired cache entries - consider increasing the maximum size of the cache
21-Aug-2018 18:37:13.246 WARNING [localhost-startStop-1] org.apache.catalina.webresources.Cache.getResource Unable to add the resource at [/WEB-INF/lib/stax2-api-3.1.3.jar] to the cache because there was insufficient free space available after evicting expired cache entries - consider increasing the maximum size of the cache
21-Aug-2018 18:37:13.246 WARNING [localhost-startStop-1] org.apache.catalina.webresources.Cache.getResource Unable to add the resource at [/WEB-INF/lib/woodstox-core-asl-4.2.0.jar] to the cache because there was insufficient free space available after evicting expired cache entries - consider increasing the maximum size of the cache
21-Aug-2018 18:37:13.246 WARNING [localhost-startStop-1] org.apache.catalina.webresources.Cache.getResource Unable to add the resource at [/WEB-INF/lib/wsdl4j-1.6.3.jar] to the cache because there was insufficient free space available after evicting expired cache entries - consider increasing the maximum size of the cache
21-Aug-2018 18:37:13.246 WARNING [localhost-startStop-1] org.apache.catalina.webresources.Cache.getResource Unable to add the resource at [/WEB-INF/lib/xml-resolver-1.2.jar] to the cache because there was insufficient free space available after evicting expired cache entries - consider increasing the maximum size of the cache
21-Aug-2018 18:37:13.246 WARNING [localhost-startStop-1] org.apache.catalina.webresources.Cache.getResource Unable to add the resource at [/WEB-INF/lib/xmlschema-core-2.0.3.jar] to the cache because there was insufficient free space available after evicting expired cache entries - consider increasing the maximum size of the cache
21-Aug-2018 18:37:13.527 WARNING [localhost-startStop-1] org.apache.catalina.webresources.Cache.getResource Unable to add the resource at [/WEB-INF/lib/stax2-api-3.1.3.jar] to the cache because there was insufficient free space available after evicting expired cache entries - consider increasing the maximum size of the cache
21-Aug-2018 18:37:13.527 WARNING [localhost-startStop-1] org.apache.catalina.webresources.Cache.getResource Unable to add the resource at [/WEB-INF/lib/spring-jdbc-3.2.3.RELEASE.jar] to the cache because there was insufficient free space available after evicting expired cache entries - consider increasing the maximum size of the cache
21-Aug-2018 18:37:13.527 WARNING [localhost-startStop-1] org.apache.catalina.webresources.Cache.getResource Unable to add the resource at [/WEB-INF/lib/xmlschema-core-2.0.3.jar] to the cache because there was insufficient free space available after evicting expired cache entries - consider increasing the maximum size of the cache
21-Aug-2018 18:37:13.527 WARNING [localhost-startStop-1] org.apache.catalina.webresources.Cache.getResource Unable to add the resource at [/WEB-INF/lib/woodstox-core-asl-4.2.0.jar] to the cache because there was insufficient free space available after evicting expired cache entries - consider increasing the maximum size of the cache
21-Aug-2018 18:37:13.542 WARNING [localhost-startStop-1] org.apache.catalina.webresources.Cache.getResource Unable to add the resource at [/WEB-INF/lib/xml-resolver-1.2.jar] to the cache because there was insufficient free space available after evicting expired cache entries - consider increasing the maximum size of the cache
21-Aug-2018 18:37:13.542 WARNING [localhost-startStop-1] org.apache.catalina.webresources.Cache.getResource Unable to add the resource at [/WEB-INF/lib/spring-orm-4.3.4.RELEASE.jar] to the cache because there was insufficient free space available after evicting expired cache entries - consider increasing the maximum size of the cache
21-Aug-2018 18:37:13.925 WARNING [localhost-startStop-1] org.apache.catalina.webresources.Cache.getResource Unable to add the resource at [/WEB-INF/classes/properties/application.properties] to the cache because there was insufficient free space available after evicting expired cache entries - consider increasing the maximum size of the cache
21-Aug-2018 18:37:21.572 INFO [localhost-startStop-1] org.apache.jasper.servlet.TldScanner.scanJars At least one JAR was scanned for TLDs yet contained no TLDs. Enable debug logging for this logger for a complete list of JARs that were scanned but no TLDs were found in them. Skipping unneeded JARs during scanning can improve startup time and JSP compilation time.
21-Aug-2018 18:37:37.891 INFO [localhost-startStop-1] org.apache.catalina.startup.HostConfig.deployDirectory Deployment of web application directory D:\apache-tomcat-8.5.3\webapps\home has finished in 28,086 ms
21-Aug-2018 18:37:37.906 INFO [main] org.apache.coyote.AbstractProtocol.start Starting ProtocolHandler [https-jsse-nio-443]
21-Aug-2018 18:37:37.938 INFO [main] org.apache.coyote.AbstractProtocol.start Starting ProtocolHandler [ajp-nio-8007]
21-Aug-2018 18:37:37.953 INFO [main] org.apache.catalina.startup.Catalina.start Server startup in 28329 ms
21-Aug-2018 18:38:57.338 INFO [Thread-10] org.apache.coyote.AbstractProtocol.pause Pausing ProtocolHandler ["https-jsse-nio-443"]
21-Aug-2018 18:38:57.416 INFO [Thread-10] org.apache.coyote.AbstractProtocol.pause Pausing ProtocolHandler ["ajp-nio-8007"]
21-Aug-2018 19:04:32.766 INFO [main] org.apache.catalina.startup.VersionLoggerListener.log Server version:        Apache Tomcat/8.5.3
21-Aug-2018 19:04:32.766 INFO [main] org.apache.catalina.startup.VersionLoggerListener.log Server built:          Jun 9 2016 11:16:29 UTC
21-Aug-2018 19:04:32.766 INFO [main] org.apache.catalina.startup.VersionLoggerListener.log Server number:         8.5.3.0
21-Aug-2018 19:04:32.766 INFO [main] org.apache.catalina.startup.VersionLoggerListener.log OS Name:               Windows 8.1
21-Aug-2018 19:04:32.766 INFO [main] org.apache.catalina.startup.VersionLoggerListener.log OS Version:            6.3
21-Aug-2018 19:04:32.766 INFO [main] org.apache.catalina.startup.VersionLoggerListener.log Architecture:          amd64
21-Aug-2018 19:04:32.766 INFO [main] org.apache.catalina.startup.VersionLoggerListener.log Java Home:             D:\jdk1.8.0_121\jre
21-Aug-2018 19:04:32.766 INFO [main] org.apache.catalina.startup.VersionLoggerListener.log JVM Version:           1.8.0_121-b13
21-Aug-2018 19:04:32.766 INFO [main] org.apache.catalina.startup.VersionLoggerListener.log JVM Vendor:            Oracle Corporation
21-Aug-2018 19:04:32.766 INFO [main] org.apache.catalina.startup.VersionLoggerListener.log CATALINA_BASE:         D:\apache-tomcat-8.5.3
21-Aug-2018 19:04:32.766 INFO [main] org.apache.catalina.startup.VersionLoggerListener.log CATALINA_HOME:         D:\apache-tomcat-8.5.3
21-Aug-2018 19:04:32.766 INFO [main] org.apache.catalina.startup.VersionLoggerListener.log Command line argument: -Djdk.tls.ephemeralDHKeySize=2048
21-Aug-2018 19:04:32.766 INFO [main] org.apache.catalina.startup.VersionLoggerListener.log Command line argument: -Djava.util.logging.config.file=D:\apache-tomcat-8.5.3\conf\logging.properties
21-Aug-2018 19:04:32.766 INFO [main] org.apache.catalina.startup.VersionLoggerListener.log Command line argument: -Djava.util.logging.manager=org.apache.juli.ClassLoaderLogManager
21-Aug-2018 19:04:32.766 INFO [main] org.apache.catalina.startup.VersionLoggerListener.log Command line argument: -Dcatalina.base=D:\apache-tomcat-8.5.3
21-Aug-2018 19:04:32.766 INFO [main] org.apache.catalina.startup.VersionLoggerListener.log Command line argument: -Dcatalina.home=D:\apache-tomcat-8.5.3
21-Aug-2018 19:04:32.766 INFO [main] org.apache.catalina.startup.VersionLoggerListener.log Command line argument: -Djava.io.tmpdir=D:\apache-tomcat-8.5.3\temp
21-Aug-2018 19:04:33.275 INFO [main] org.apache.coyote.AbstractProtocol.init Initializing ProtocolHandler ["https-jsse-nio-443"]
21-Aug-2018 19:04:34.512 INFO [main] org.apache.tomcat.util.net.NioSelectorPool.getSharedSelector Using a shared selector for servlet write/read
21-Aug-2018 19:04:34.512 INFO [main] org.apache.coyote.AbstractProtocol.init Initializing ProtocolHandler ["ajp-nio-8007"]
21-Aug-2018 19:04:34.527 INFO [main] org.apache.tomcat.util.net.NioSelectorPool.getSharedSelector Using a shared selector for servlet write/read
21-Aug-2018 19:04:34.527 INFO [main] org.apache.catalina.startup.Catalina.load Initialization processed in 2193 ms
21-Aug-2018 19:04:34.652 INFO [main] org.apache.catalina.core.StandardService.startInternal Starting service Catalina
21-Aug-2018 19:04:34.652 INFO [main] org.apache.catalina.core.StandardEngine.startInternal Starting Servlet Engine: Apache Tomcat/8.5.3
21-Aug-2018 19:04:34.715 INFO [localhost-startStop-1] org.apache.catalina.startup.HostConfig.deployWAR Deploying web application archive D:\apache-tomcat-8.5.3\webapps\home.war
21-Aug-2018 19:04:35.771 INFO [localhost-startStop-1] org.apache.catalina.startup.HostConfig.deployWAR Deployment of web application archive D:\apache-tomcat-8.5.3\webapps\home.war has finished in 947 ms
21-Aug-2018 19:04:35.771 INFO [main] org.apache.coyote.AbstractProtocol.start Starting ProtocolHandler [https-jsse-nio-443]
21-Aug-2018 19:04:35.771 INFO [main] org.apache.coyote.AbstractProtocol.start Starting ProtocolHandler [ajp-nio-8007]
21-Aug-2018 19:04:35.771 INFO [main] org.apache.catalina.startup.Catalina.start Server startup in 1251 ms
21-Aug-2018 19:07:25.785 INFO [main] org.apache.catalina.startup.VersionLoggerListener.log Server version:        Apache Tomcat/8.5.3
21-Aug-2018 19:07:25.785 INFO [main] org.apache.catalina.startup.VersionLoggerListener.log Server built:          Jun 9 2016 11:16:29 UTC
21-Aug-2018 19:07:25.785 INFO [main] org.apache.catalina.startup.VersionLoggerListener.log Server number:         8.5.3.0
21-Aug-2018 19:07:25.785 INFO [main] org.apache.catalina.startup.VersionLoggerListener.log OS Name:               Windows 8.1
21-Aug-2018 19:07:25.785 INFO [main] org.apache.catalina.startup.VersionLoggerListener.log OS Version:            6.3
21-Aug-2018 19:07:25.785 INFO [main] org.apache.catalina.startup.VersionLoggerListener.log Architecture:          amd64
21-Aug-2018 19:07:25.785 INFO [main] org.apache.catalina.startup.VersionLoggerListener.log Java Home:             D:\jdk1.8.0_121\jre
21-Aug-2018 19:07:25.785 INFO [main] org.apache.catalina.startup.VersionLoggerListener.log JVM Version:           1.8.0_121-b13
21-Aug-2018 19:07:25.785 INFO [main] org.apache.catalina.startup.VersionLoggerListener.log JVM Vendor:            Oracle Corporation
21-Aug-2018 19:07:25.785 INFO [main] org.apache.catalina.startup.VersionLoggerListener.log CATALINA_BASE:         D:\apache-tomcat-8.5.3
21-Aug-2018 19:07:25.785 INFO [main] org.apache.catalina.startup.VersionLoggerListener.log CATALINA_HOME:         D:\apache-tomcat-8.5.3
21-Aug-2018 19:07:25.785 INFO [main] org.apache.catalina.startup.VersionLoggerListener.log Command line argument: -Djdk.tls.ephemeralDHKeySize=2048
21-Aug-2018 19:07:25.785 INFO [main] org.apache.catalina.startup.VersionLoggerListener.log Command line argument: -Djava.util.logging.config.file=D:\apache-tomcat-8.5.3\conf\logging.properties
21-Aug-2018 19:07:25.785 INFO [main] org.apache.catalina.startup.VersionLoggerListener.log Command line argument: -Djava.util.logging.manager=org.apache.juli.ClassLoaderLogManager
21-Aug-2018 19:07:25.785 INFO [main] org.apache.catalina.startup.VersionLoggerListener.log Command line argument: -Dcatalina.base=D:\apache-tomcat-8.5.3
21-Aug-2018 19:07:25.785 INFO [main] org.apache.catalina.startup.VersionLoggerListener.log Command line argument: -Dcatalina.home=D:\apache-tomcat-8.5.3
21-Aug-2018 19:07:25.785 INFO [main] org.apache.catalina.startup.VersionLoggerListener.log Command line argument: -Djava.io.tmpdir=D:\apache-tomcat-8.5.3\temp
21-Aug-2018 19:07:25.926 INFO [main] org.apache.coyote.AbstractProtocol.init Initializing ProtocolHandler ["https-jsse-nio-443"]
21-Aug-2018 19:07:26.395 INFO [main] org.apache.tomcat.util.net.NioSelectorPool.getSharedSelector Using a shared selector for servlet write/read
21-Aug-2018 19:07:26.395 INFO [main] org.apache.coyote.AbstractProtocol.init Initializing ProtocolHandler ["ajp-nio-8007"]
21-Aug-2018 19:07:26.395 INFO [main] org.apache.tomcat.util.net.NioSelectorPool.getSharedSelector Using a shared selector for servlet write/read
21-Aug-2018 19:07:26.395 INFO [main] org.apache.catalina.startup.Catalina.load Initialization processed in 1014 ms
21-Aug-2018 19:07:26.426 INFO [main] org.apache.catalina.core.StandardService.startInternal Starting service Catalina
21-Aug-2018 19:07:26.426 INFO [main] org.apache.catalina.core.StandardEngine.startInternal Starting Servlet Engine: Apache Tomcat/8.5.3
21-Aug-2018 19:07:26.442 INFO [localhost-startStop-1] org.apache.catalina.startup.HostConfig.deployWAR Deploying web application archive D:\apache-tomcat-8.5.3\webapps\home.war
21-Aug-2018 19:07:28.645 WARNING [localhost-startStop-1] org.apache.catalina.webresources.Cache.getResource Unable to add the resource at [/WEB-INF/lib/spring-jdbc-3.2.3.RELEASE.jar] to the cache because there was insufficient free space available after evicting expired cache entries - consider increasing the maximum size of the cache
21-Aug-2018 19:07:28.645 WARNING [localhost-startStop-1] org.apache.catalina.webresources.Cache.getResource Unable to add the resource at [/WEB-INF/lib/spring-orm-4.3.4.RELEASE.jar] to the cache because there was insufficient free space available after evicting expired cache entries - consider increasing the maximum size of the cache
21-Aug-2018 19:07:28.661 WARNING [localhost-startStop-1] org.apache.catalina.webresources.Cache.getResource Unable to add the resource at [/WEB-INF/lib/stax2-api-3.1.3.jar] to the cache because there was insufficient free space available after evicting expired cache entries - consider increasing the maximum size of the cache
21-Aug-2018 19:07:28.661 WARNING [localhost-startStop-1] org.apache.catalina.webresources.Cache.getResource Unable to add the resource at [/WEB-INF/lib/woodstox-core-asl-4.2.0.jar] to the cache because there was insufficient free space available after evicting expired cache entries - consider increasing the maximum size of the cache
21-Aug-2018 19:07:28.661 WARNING [localhost-startStop-1] org.apache.catalina.webresources.Cache.getResource Unable to add the resource at [/WEB-INF/lib/wsdl4j-1.6.3.jar] to the cache because there was insufficient free space available after evicting expired cache entries - consider increasing the maximum size of the cache
21-Aug-2018 19:07:28.661 WARNING [localhost-startStop-1] org.apache.catalina.webresources.Cache.getResource Unable to add the resource at [/WEB-INF/lib/xml-resolver-1.2.jar] to the cache because there was insufficient free space available after evicting expired cache entries - consider increasing the maximum size of the cache
21-Aug-2018 19:07:28.661 WARNING [localhost-startStop-1] org.apache.catalina.webresources.Cache.getResource Unable to add the resource at [/WEB-INF/lib/xmlschema-core-2.0.3.jar] to the cache because there was insufficient free space available after evicting expired cache entries - consider increasing the maximum size of the cache
21-Aug-2018 19:07:29.015 WARNING [localhost-startStop-1] org.apache.catalina.webresources.Cache.getResource Unable to add the resource at [/WEB-INF/lib/spring-jdbc-3.2.3.RELEASE.jar] to the cache because there was insufficient free space available after evicting expired cache entries - consider increasing the maximum size of the cache
21-Aug-2018 19:07:29.015 WARNING [localhost-startStop-1] org.apache.catalina.webresources.Cache.getResource Unable to add the resource at [/WEB-INF/lib/spring-orm-4.3.4.RELEASE.jar] to the cache because there was insufficient free space available after evicting expired cache entries - consider increasing the maximum size of the cache
21-Aug-2018 19:07:29.015 WARNING [localhost-startStop-1] org.apache.catalina.webresources.Cache.getResource Unable to add the resource at [/WEB-INF/lib/stax2-api-3.1.3.jar] to the cache because there was insufficient free space available after evicting expired cache entries - consider increasing the maximum size of the cache
21-Aug-2018 19:07:29.015 WARNING [localhost-startStop-1] org.apache.catalina.webresources.Cache.getResource Unable to add the resource at [/WEB-INF/lib/woodstox-core-asl-4.2.0.jar] to the cache because there was insufficient free space available after evicting expired cache entries - consider increasing the maximum size of the cache
21-Aug-2018 19:07:29.015 WARNING [localhost-startStop-1] org.apache.catalina.webresources.Cache.getResource Unable to add the resource at [/WEB-INF/lib/wsdl4j-1.6.3.jar] to the cache because there was insufficient free space available after evicting expired cache entries - consider increasing the maximum size of the cache
21-Aug-2018 19:07:29.015 WARNING [localhost-startStop-1] org.apache.catalina.webresources.Cache.getResource Unable to add the resource at [/WEB-INF/lib/xml-resolver-1.2.jar] to the cache because there was insufficient free space available after evicting expired cache entries - consider increasing the maximum size of the cache
21-Aug-2018 19:07:29.031 WARNING [localhost-startStop-1] org.apache.catalina.webresources.Cache.getResource Unable to add the resource at [/WEB-INF/lib/xmlschema-core-2.0.3.jar] to the cache because there was insufficient free space available after evicting expired cache entries - consider increasing the maximum size of the cache
21-Aug-2018 19:07:29.171 WARNING [localhost-startStop-1] org.apache.catalina.webresources.Cache.getResource Unable to add the resource at [/WEB-INF/lib/stax2-api-3.1.3.jar] to the cache because there was insufficient free space available after evicting expired cache entries - consider increasing the maximum size of the cache
21-Aug-2018 19:07:29.171 WARNING [localhost-startStop-1] org.apache.catalina.webresources.Cache.getResource Unable to add the resource at [/WEB-INF/lib/spring-jdbc-3.2.3.RELEASE.jar] to the cache because there was insufficient free space available after evicting expired cache entries - consider increasing the maximum size of the cache
21-Aug-2018 19:07:29.171 WARNING [localhost-startStop-1] org.apache.catalina.webresources.Cache.getResource Unable to add the resource at [/WEB-INF/lib/xmlschema-core-2.0.3.jar] to the cache because there was insufficient free space available after evicting expired cache entries - consider increasing the maximum size of the cache
21-Aug-2018 19:07:29.171 WARNING [localhost-startStop-1] org.apache.catalina.webresources.Cache.getResource Unable to add the resource at [/WEB-INF/lib/woodstox-core-asl-4.2.0.jar] to the cache because there was insufficient free space available after evicting expired cache entries - consider increasing the maximum size of the cache
21-Aug-2018 19:07:29.187 WARNING [localhost-startStop-1] org.apache.catalina.webresources.Cache.getResource Unable to add the resource at [/WEB-INF/lib/xml-resolver-1.2.jar] to the cache because there was insufficient free space available after evicting expired cache entries - consider increasing the maximum size of the cache
21-Aug-2018 19:07:29.187 WARNING [localhost-startStop-1] org.apache.catalina.webresources.Cache.getResource Unable to add the resource at [/WEB-INF/lib/spring-orm-4.3.4.RELEASE.jar] to the cache because there was insufficient free space available after evicting expired cache entries - consider increasing the maximum size of the cache
21-Aug-2018 19:07:34.031 INFO [localhost-startStop-1] org.apache.jasper.servlet.TldScanner.scanJars At least one JAR was scanned for TLDs yet contained no TLDs. Enable debug logging for this logger for a complete list of JARs that were scanned but no TLDs were found in them. Skipping unneeded JARs during scanning can improve startup time and JSP compilation time.
21-Aug-2018 19:07:44.687 INFO [localhost-startStop-1] org.apache.catalina.startup.HostConfig.deployWAR Deployment of web application archive D:\apache-tomcat-8.5.3\webapps\home.war has finished in 18,245 ms
21-Aug-2018 19:07:44.703 INFO [main] org.apache.coyote.AbstractProtocol.start Starting ProtocolHandler [https-jsse-nio-443]
21-Aug-2018 19:07:44.718 INFO [main] org.apache.coyote.AbstractProtocol.start Starting ProtocolHandler [ajp-nio-8007]
21-Aug-2018 19:07:44.734 INFO [main] org.apache.catalina.startup.Catalina.start Server startup in 18337 ms
