14-Aug-2018 10:01:24.480 INFO [main] org.apache.catalina.startup.VersionLoggerListener.log Server version:        Apache Tomcat/8.5.3
14-Aug-2018 10:01:24.480 INFO [main] org.apache.catalina.startup.VersionLoggerListener.log Server built:          Jun 9 2016 11:16:29 UTC
14-Aug-2018 10:01:24.480 INFO [main] org.apache.catalina.startup.VersionLoggerListener.log Server number:         8.5.3.0
14-Aug-2018 10:01:24.480 INFO [main] org.apache.catalina.startup.VersionLoggerListener.log OS Name:               Windows 8.1
14-Aug-2018 10:01:24.480 INFO [main] org.apache.catalina.startup.VersionLoggerListener.log OS Version:            6.3
14-Aug-2018 10:01:24.480 INFO [main] org.apache.catalina.startup.VersionLoggerListener.log Architecture:          amd64
14-Aug-2018 10:01:24.480 INFO [main] org.apache.catalina.startup.VersionLoggerListener.log Java Home:             D:\jdk1.8.0_121\jre
14-Aug-2018 10:01:24.480 INFO [main] org.apache.catalina.startup.VersionLoggerListener.log JVM Version:           1.8.0_121-b13
14-Aug-2018 10:01:24.480 INFO [main] org.apache.catalina.startup.VersionLoggerListener.log JVM Vendor:            Oracle Corporation
14-Aug-2018 10:01:24.480 INFO [main] org.apache.catalina.startup.VersionLoggerListener.log CATALINA_BASE:         D:\apache-tomcat-8.5.3
14-Aug-2018 10:01:24.480 INFO [main] org.apache.catalina.startup.VersionLoggerListener.log CATALINA_HOME:         D:\apache-tomcat-8.5.3
14-Aug-2018 10:01:24.480 INFO [main] org.apache.catalina.startup.VersionLoggerListener.log Command line argument: -Djdk.tls.ephemeralDHKeySize=2048
14-Aug-2018 10:01:24.480 INFO [main] org.apache.catalina.startup.VersionLoggerListener.log Command line argument: -Djava.util.logging.config.file=D:\apache-tomcat-8.5.3\conf\logging.properties
14-Aug-2018 10:01:24.480 INFO [main] org.apache.catalina.startup.VersionLoggerListener.log Command line argument: -Djava.util.logging.manager=org.apache.juli.ClassLoaderLogManager
14-Aug-2018 10:01:24.480 INFO [main] org.apache.catalina.startup.VersionLoggerListener.log Command line argument: -Dcatalina.base=D:\apache-tomcat-8.5.3
14-Aug-2018 10:01:24.480 INFO [main] org.apache.catalina.startup.VersionLoggerListener.log Command line argument: -Dcatalina.home=D:\apache-tomcat-8.5.3
14-Aug-2018 10:01:24.480 INFO [main] org.apache.catalina.startup.VersionLoggerListener.log Command line argument: -Djava.io.tmpdir=D:\apache-tomcat-8.5.3\temp
14-Aug-2018 10:01:25.902 INFO [main] org.apache.coyote.AbstractProtocol.init Initializing ProtocolHandler ["https-jsse-nio-443"]
14-Aug-2018 10:01:27.683 INFO [main] org.apache.tomcat.util.net.NioSelectorPool.getSharedSelector Using a shared selector for servlet write/read
14-Aug-2018 10:01:27.699 INFO [main] org.apache.coyote.AbstractProtocol.init Initializing ProtocolHandler ["ajp-nio-8007"]
14-Aug-2018 10:01:27.699 INFO [main] org.apache.tomcat.util.net.NioSelectorPool.getSharedSelector Using a shared selector for servlet write/read
14-Aug-2018 10:01:27.699 INFO [main] org.apache.catalina.startup.Catalina.load Initialization processed in 6607 ms
14-Aug-2018 10:01:27.808 INFO [main] org.apache.catalina.core.StandardService.startInternal Starting service Catalina
14-Aug-2018 10:01:27.808 INFO [main] org.apache.catalina.core.StandardEngine.startInternal Starting Servlet Engine: Apache Tomcat/8.5.3
14-Aug-2018 10:01:27.965 INFO [localhost-startStop-1] org.apache.catalina.startup.HostConfig.deployWAR Deploying web application archive D:\apache-tomcat-8.5.3\webapps\home.war
14-Aug-2018 10:01:30.371 WARNING [localhost-startStop-1] org.apache.catalina.webresources.Cache.getResource Unable to add the resource at [/WEB-INF/lib/spring-jdbc-3.2.3.RELEASE.jar] to the cache because there was insufficient free space available after evicting expired cache entries - consider increasing the maximum size of the cache
14-Aug-2018 10:01:30.371 WARNING [localhost-startStop-1] org.apache.catalina.webresources.Cache.getResource Unable to add the resource at [/WEB-INF/lib/spring-orm-4.3.4.RELEASE.jar] to the cache because there was insufficient free space available after evicting expired cache entries - consider increasing the maximum size of the cache
14-Aug-2018 10:01:30.371 WARNING [localhost-startStop-1] org.apache.catalina.webresources.Cache.getResource Unable to add the resource at [/WEB-INF/lib/stax2-api-3.1.3.jar] to the cache because there was insufficient free space available after evicting expired cache entries - consider increasing the maximum size of the cache
14-Aug-2018 10:01:30.371 WARNING [localhost-startStop-1] org.apache.catalina.webresources.Cache.getResource Unable to add the resource at [/WEB-INF/lib/woodstox-core-asl-4.2.0.jar] to the cache because there was insufficient free space available after evicting expired cache entries - consider increasing the maximum size of the cache
14-Aug-2018 10:01:30.371 WARNING [localhost-startStop-1] org.apache.catalina.webresources.Cache.getResource Unable to add the resource at [/WEB-INF/lib/wsdl4j-1.6.3.jar] to the cache because there was insufficient free space available after evicting expired cache entries - consider increasing the maximum size of the cache
14-Aug-2018 10:01:30.371 WARNING [localhost-startStop-1] org.apache.catalina.webresources.Cache.getResource Unable to add the resource at [/WEB-INF/lib/xml-resolver-1.2.jar] to the cache because there was insufficient free space available after evicting expired cache entries - consider increasing the maximum size of the cache
14-Aug-2018 10:01:30.371 WARNING [localhost-startStop-1] org.apache.catalina.webresources.Cache.getResource Unable to add the resource at [/WEB-INF/lib/xmlschema-core-2.0.3.jar] to the cache because there was insufficient free space available after evicting expired cache entries - consider increasing the maximum size of the cache
14-Aug-2018 10:01:30.715 WARNING [localhost-startStop-1] org.apache.catalina.webresources.Cache.getResource Unable to add the resource at [/WEB-INF/lib/spring-jdbc-3.2.3.RELEASE.jar] to the cache because there was insufficient free space available after evicting expired cache entries - consider increasing the maximum size of the cache
14-Aug-2018 10:01:30.715 WARNING [localhost-startStop-1] org.apache.catalina.webresources.Cache.getResource Unable to add the resource at [/WEB-INF/lib/spring-orm-4.3.4.RELEASE.jar] to the cache because there was insufficient free space available after evicting expired cache entries - consider increasing the maximum size of the cache
14-Aug-2018 10:01:30.715 WARNING [localhost-startStop-1] org.apache.catalina.webresources.Cache.getResource Unable to add the resource at [/WEB-INF/lib/stax2-api-3.1.3.jar] to the cache because there was insufficient free space available after evicting expired cache entries - consider increasing the maximum size of the cache
14-Aug-2018 10:01:30.715 WARNING [localhost-startStop-1] org.apache.catalina.webresources.Cache.getResource Unable to add the resource at [/WEB-INF/lib/woodstox-core-asl-4.2.0.jar] to the cache because there was insufficient free space available after evicting expired cache entries - consider increasing the maximum size of the cache
14-Aug-2018 10:01:30.715 WARNING [localhost-startStop-1] org.apache.catalina.webresources.Cache.getResource Unable to add the resource at [/WEB-INF/lib/wsdl4j-1.6.3.jar] to the cache because there was insufficient free space available after evicting expired cache entries - consider increasing the maximum size of the cache
14-Aug-2018 10:01:30.715 WARNING [localhost-startStop-1] org.apache.catalina.webresources.Cache.getResource Unable to add the resource at [/WEB-INF/lib/xml-resolver-1.2.jar] to the cache because there was insufficient free space available after evicting expired cache entries - consider increasing the maximum size of the cache
14-Aug-2018 10:01:30.715 WARNING [localhost-startStop-1] org.apache.catalina.webresources.Cache.getResource Unable to add the resource at [/WEB-INF/lib/xmlschema-core-2.0.3.jar] to the cache because there was insufficient free space available after evicting expired cache entries - consider increasing the maximum size of the cache
14-Aug-2018 10:01:31.058 WARNING [localhost-startStop-1] org.apache.catalina.webresources.Cache.getResource Unable to add the resource at [/WEB-INF/lib/stax2-api-3.1.3.jar] to the cache because there was insufficient free space available after evicting expired cache entries - consider increasing the maximum size of the cache
14-Aug-2018 10:01:31.058 WARNING [localhost-startStop-1] org.apache.catalina.webresources.Cache.getResource Unable to add the resource at [/WEB-INF/lib/spring-jdbc-3.2.3.RELEASE.jar] to the cache because there was insufficient free space available after evicting expired cache entries - consider increasing the maximum size of the cache
14-Aug-2018 10:01:31.074 WARNING [localhost-startStop-1] org.apache.catalina.webresources.Cache.getResource Unable to add the resource at [/WEB-INF/lib/xmlschema-core-2.0.3.jar] to the cache because there was insufficient free space available after evicting expired cache entries - consider increasing the maximum size of the cache
14-Aug-2018 10:01:31.074 WARNING [localhost-startStop-1] org.apache.catalina.webresources.Cache.getResource Unable to add the resource at [/WEB-INF/lib/woodstox-core-asl-4.2.0.jar] to the cache because there was insufficient free space available after evicting expired cache entries - consider increasing the maximum size of the cache
14-Aug-2018 10:01:31.074 WARNING [localhost-startStop-1] org.apache.catalina.webresources.Cache.getResource Unable to add the resource at [/WEB-INF/lib/xml-resolver-1.2.jar] to the cache because there was insufficient free space available after evicting expired cache entries - consider increasing the maximum size of the cache
14-Aug-2018 10:01:31.090 WARNING [localhost-startStop-1] org.apache.catalina.webresources.Cache.getResource Unable to add the resource at [/WEB-INF/lib/spring-orm-4.3.4.RELEASE.jar] to the cache because there was insufficient free space available after evicting expired cache entries - consider increasing the maximum size of the cache
14-Aug-2018 10:01:50.590 INFO [localhost-startStop-1] org.apache.jasper.servlet.TldScanner.scanJars At least one JAR was scanned for TLDs yet contained no TLDs. Enable debug logging for this logger for a complete list of JARs that were scanned but no TLDs were found in them. Skipping unneeded JARs during scanning can improve startup time and JSP compilation time.
14-Aug-2018 10:02:03.184 INFO [localhost-startStop-1] org.apache.catalina.startup.HostConfig.deployWAR Deployment of web application archive D:\apache-tomcat-8.5.3\webapps\home.war has finished in 35,219 ms
14-Aug-2018 10:02:03.200 INFO [main] org.apache.coyote.AbstractProtocol.start Starting ProtocolHandler [https-jsse-nio-443]
14-Aug-2018 10:02:03.231 INFO [main] org.apache.coyote.AbstractProtocol.start Starting ProtocolHandler [ajp-nio-8007]
14-Aug-2018 10:02:03.246 INFO [main] org.apache.catalina.startup.Catalina.start Server startup in 35538 ms
14-Aug-2018 12:01:49.994 INFO [main] org.apache.catalina.startup.VersionLoggerListener.log Server version:        Apache Tomcat/8.5.3
14-Aug-2018 12:01:49.994 INFO [main] org.apache.catalina.startup.VersionLoggerListener.log Server built:          Jun 9 2016 11:16:29 UTC
14-Aug-2018 12:01:49.994 INFO [main] org.apache.catalina.startup.VersionLoggerListener.log Server number:         8.5.3.0
14-Aug-2018 12:01:49.994 INFO [main] org.apache.catalina.startup.VersionLoggerListener.log OS Name:               Windows 8.1
14-Aug-2018 12:01:49.994 INFO [main] org.apache.catalina.startup.VersionLoggerListener.log OS Version:            6.3
14-Aug-2018 12:01:49.994 INFO [main] org.apache.catalina.startup.VersionLoggerListener.log Architecture:          amd64
14-Aug-2018 12:01:49.994 INFO [main] org.apache.catalina.startup.VersionLoggerListener.log Java Home:             D:\jdk1.8.0_121\jre
14-Aug-2018 12:01:49.994 INFO [main] org.apache.catalina.startup.VersionLoggerListener.log JVM Version:           1.8.0_121-b13
14-Aug-2018 12:01:49.994 INFO [main] org.apache.catalina.startup.VersionLoggerListener.log JVM Vendor:            Oracle Corporation
14-Aug-2018 12:01:49.994 INFO [main] org.apache.catalina.startup.VersionLoggerListener.log CATALINA_BASE:         D:\apache-tomcat-8.5.3
14-Aug-2018 12:01:49.994 INFO [main] org.apache.catalina.startup.VersionLoggerListener.log CATALINA_HOME:         D:\apache-tomcat-8.5.3
14-Aug-2018 12:01:50.010 INFO [main] org.apache.catalina.startup.VersionLoggerListener.log Command line argument: -Djdk.tls.ephemeralDHKeySize=2048
14-Aug-2018 12:01:50.010 INFO [main] org.apache.catalina.startup.VersionLoggerListener.log Command line argument: -Djava.util.logging.config.file=D:\apache-tomcat-8.5.3\conf\logging.properties
14-Aug-2018 12:01:50.010 INFO [main] org.apache.catalina.startup.VersionLoggerListener.log Command line argument: -Djava.util.logging.manager=org.apache.juli.ClassLoaderLogManager
14-Aug-2018 12:01:50.010 INFO [main] org.apache.catalina.startup.VersionLoggerListener.log Command line argument: -Dcatalina.base=D:\apache-tomcat-8.5.3
14-Aug-2018 12:01:50.010 INFO [main] org.apache.catalina.startup.VersionLoggerListener.log Command line argument: -Dcatalina.home=D:\apache-tomcat-8.5.3
14-Aug-2018 12:01:50.010 INFO [main] org.apache.catalina.startup.VersionLoggerListener.log Command line argument: -Djava.io.tmpdir=D:\apache-tomcat-8.5.3\temp
14-Aug-2018 12:01:51.197 INFO [main] org.apache.coyote.AbstractProtocol.init Initializing ProtocolHandler ["https-jsse-nio-443"]
14-Aug-2018 12:01:52.772 INFO [main] org.apache.tomcat.util.net.NioSelectorPool.getSharedSelector Using a shared selector for servlet write/read
14-Aug-2018 12:01:52.772 INFO [main] org.apache.coyote.AbstractProtocol.init Initializing ProtocolHandler ["ajp-nio-8007"]
14-Aug-2018 12:01:52.772 INFO [main] org.apache.tomcat.util.net.NioSelectorPool.getSharedSelector Using a shared selector for servlet write/read
14-Aug-2018 12:01:52.772 INFO [main] org.apache.catalina.startup.Catalina.load Initialization processed in 4283 ms
14-Aug-2018 12:01:52.850 INFO [main] org.apache.catalina.core.StandardService.startInternal Starting service Catalina
14-Aug-2018 12:01:52.850 INFO [main] org.apache.catalina.core.StandardEngine.startInternal Starting Servlet Engine: Apache Tomcat/8.5.3
14-Aug-2018 12:01:52.913 INFO [localhost-startStop-1] org.apache.catalina.startup.HostConfig.deployWAR Deploying web application archive D:\apache-tomcat-8.5.3\webapps\home.war
14-Aug-2018 12:01:55.413 WARNING [localhost-startStop-1] org.apache.catalina.webresources.Cache.getResource Unable to add the resource at [/WEB-INF/lib/spring-jdbc-3.2.3.RELEASE.jar] to the cache because there was insufficient free space available after evicting expired cache entries - consider increasing the maximum size of the cache
14-Aug-2018 12:01:55.413 WARNING [localhost-startStop-1] org.apache.catalina.webresources.Cache.getResource Unable to add the resource at [/WEB-INF/lib/spring-orm-4.3.4.RELEASE.jar] to the cache because there was insufficient free space available after evicting expired cache entries - consider increasing the maximum size of the cache
14-Aug-2018 12:01:55.413 WARNING [localhost-startStop-1] org.apache.catalina.webresources.Cache.getResource Unable to add the resource at [/WEB-INF/lib/stax2-api-3.1.3.jar] to the cache because there was insufficient free space available after evicting expired cache entries - consider increasing the maximum size of the cache
14-Aug-2018 12:01:55.413 WARNING [localhost-startStop-1] org.apache.catalina.webresources.Cache.getResource Unable to add the resource at [/WEB-INF/lib/woodstox-core-asl-4.2.0.jar] to the cache because there was insufficient free space available after evicting expired cache entries - consider increasing the maximum size of the cache
14-Aug-2018 12:01:55.413 WARNING [localhost-startStop-1] org.apache.catalina.webresources.Cache.getResource Unable to add the resource at [/WEB-INF/lib/wsdl4j-1.6.3.jar] to the cache because there was insufficient free space available after evicting expired cache entries - consider increasing the maximum size of the cache
14-Aug-2018 12:01:55.413 WARNING [localhost-startStop-1] org.apache.catalina.webresources.Cache.getResource Unable to add the resource at [/WEB-INF/lib/xml-resolver-1.2.jar] to the cache because there was insufficient free space available after evicting expired cache entries - consider increasing the maximum size of the cache
14-Aug-2018 12:01:55.428 WARNING [localhost-startStop-1] org.apache.catalina.webresources.Cache.getResource Unable to add the resource at [/WEB-INF/lib/xmlschema-core-2.0.3.jar] to the cache because there was insufficient free space available after evicting expired cache entries - consider increasing the maximum size of the cache
14-Aug-2018 12:01:55.866 WARNING [localhost-startStop-1] org.apache.catalina.webresources.Cache.getResource Unable to add the resource at [/WEB-INF/lib/spring-jdbc-3.2.3.RELEASE.jar] to the cache because there was insufficient free space available after evicting expired cache entries - consider increasing the maximum size of the cache
14-Aug-2018 12:01:55.866 WARNING [localhost-startStop-1] org.apache.catalina.webresources.Cache.getResource Unable to add the resource at [/WEB-INF/lib/spring-orm-4.3.4.RELEASE.jar] to the cache because there was insufficient free space available after evicting expired cache entries - consider increasing the maximum size of the cache
14-Aug-2018 12:01:55.866 WARNING [localhost-startStop-1] org.apache.catalina.webresources.Cache.getResource Unable to add the resource at [/WEB-INF/lib/stax2-api-3.1.3.jar] to the cache because there was insufficient free space available after evicting expired cache entries - consider increasing the maximum size of the cache
14-Aug-2018 12:01:55.866 WARNING [localhost-startStop-1] org.apache.catalina.webresources.Cache.getResource Unable to add the resource at [/WEB-INF/lib/woodstox-core-asl-4.2.0.jar] to the cache because there was insufficient free space available after evicting expired cache entries - consider increasing the maximum size of the cache
14-Aug-2018 12:01:55.866 WARNING [localhost-startStop-1] org.apache.catalina.webresources.Cache.getResource Unable to add the resource at [/WEB-INF/lib/wsdl4j-1.6.3.jar] to the cache because there was insufficient free space available after evicting expired cache entries - consider increasing the maximum size of the cache
14-Aug-2018 12:01:55.866 WARNING [localhost-startStop-1] org.apache.catalina.webresources.Cache.getResource Unable to add the resource at [/WEB-INF/lib/xml-resolver-1.2.jar] to the cache because there was insufficient free space available after evicting expired cache entries - consider increasing the maximum size of the cache
14-Aug-2018 12:01:55.866 WARNING [localhost-startStop-1] org.apache.catalina.webresources.Cache.getResource Unable to add the resource at [/WEB-INF/lib/xmlschema-core-2.0.3.jar] to the cache because there was insufficient free space available after evicting expired cache entries - consider increasing the maximum size of the cache
14-Aug-2018 12:01:56.194 WARNING [localhost-startStop-1] org.apache.catalina.webresources.Cache.getResource Unable to add the resource at [/WEB-INF/lib/stax2-api-3.1.3.jar] to the cache because there was insufficient free space available after evicting expired cache entries - consider increasing the maximum size of the cache
14-Aug-2018 12:01:56.209 WARNING [localhost-startStop-1] org.apache.catalina.webresources.Cache.getResource Unable to add the resource at [/WEB-INF/lib/spring-jdbc-3.2.3.RELEASE.jar] to the cache because there was insufficient free space available after evicting expired cache entries - consider increasing the maximum size of the cache
14-Aug-2018 12:01:56.209 WARNING [localhost-startStop-1] org.apache.catalina.webresources.Cache.getResource Unable to add the resource at [/WEB-INF/lib/xmlschema-core-2.0.3.jar] to the cache because there was insufficient free space available after evicting expired cache entries - consider increasing the maximum size of the cache
14-Aug-2018 12:01:56.209 WARNING [localhost-startStop-1] org.apache.catalina.webresources.Cache.getResource Unable to add the resource at [/WEB-INF/lib/woodstox-core-asl-4.2.0.jar] to the cache because there was insufficient free space available after evicting expired cache entries - consider increasing the maximum size of the cache
14-Aug-2018 12:01:56.225 WARNING [localhost-startStop-1] org.apache.catalina.webresources.Cache.getResource Unable to add the resource at [/WEB-INF/lib/xml-resolver-1.2.jar] to the cache because there was insufficient free space available after evicting expired cache entries - consider increasing the maximum size of the cache
14-Aug-2018 12:01:56.225 WARNING [localhost-startStop-1] org.apache.catalina.webresources.Cache.getResource Unable to add the resource at [/WEB-INF/lib/spring-orm-4.3.4.RELEASE.jar] to the cache because there was insufficient free space available after evicting expired cache entries - consider increasing the maximum size of the cache
14-Aug-2018 12:02:14.850 INFO [localhost-startStop-1] org.apache.jasper.servlet.TldScanner.scanJars At least one JAR was scanned for TLDs yet contained no TLDs. Enable debug logging for this logger for a complete list of JARs that were scanned but no TLDs were found in them. Skipping unneeded JARs during scanning can improve startup time and JSP compilation time.
14-Aug-2018 12:02:40.482 INFO [localhost-startStop-1] org.apache.catalina.startup.HostConfig.deployWAR Deployment of web application archive D:\apache-tomcat-8.5.3\webapps\home.war has finished in 47,553 ms
14-Aug-2018 12:02:40.482 INFO [main] org.apache.coyote.AbstractProtocol.start Starting ProtocolHandler [https-jsse-nio-443]
14-Aug-2018 12:02:40.513 INFO [main] org.apache.coyote.AbstractProtocol.start Starting ProtocolHandler [ajp-nio-8007]
14-Aug-2018 12:02:40.513 INFO [main] org.apache.catalina.startup.Catalina.start Server startup in 47737 ms
14-Aug-2018 12:03:14.001 INFO [Thread-10] org.apache.coyote.AbstractProtocol.pause Pausing ProtocolHandler ["https-jsse-nio-443"]
14-Aug-2018 12:08:18.365 INFO [main] org.apache.catalina.startup.VersionLoggerListener.log Server version:        Apache Tomcat/8.5.3
14-Aug-2018 12:08:18.380 INFO [main] org.apache.catalina.startup.VersionLoggerListener.log Server built:          Jun 9 2016 11:16:29 UTC
14-Aug-2018 12:08:18.380 INFO [main] org.apache.catalina.startup.VersionLoggerListener.log Server number:         8.5.3.0
14-Aug-2018 12:08:18.380 INFO [main] org.apache.catalina.startup.VersionLoggerListener.log OS Name:               Windows 8.1
14-Aug-2018 12:08:18.380 INFO [main] org.apache.catalina.startup.VersionLoggerListener.log OS Version:            6.3
14-Aug-2018 12:08:18.380 INFO [main] org.apache.catalina.startup.VersionLoggerListener.log Architecture:          amd64
14-Aug-2018 12:08:18.380 INFO [main] org.apache.catalina.startup.VersionLoggerListener.log Java Home:             D:\jdk1.8.0_121\jre
14-Aug-2018 12:08:18.380 INFO [main] org.apache.catalina.startup.VersionLoggerListener.log JVM Version:           1.8.0_121-b13
14-Aug-2018 12:08:18.380 INFO [main] org.apache.catalina.startup.VersionLoggerListener.log JVM Vendor:            Oracle Corporation
14-Aug-2018 12:08:18.380 INFO [main] org.apache.catalina.startup.VersionLoggerListener.log CATALINA_BASE:         D:\apache-tomcat-8.5.3
14-Aug-2018 12:08:18.380 INFO [main] org.apache.catalina.startup.VersionLoggerListener.log CATALINA_HOME:         D:\apache-tomcat-8.5.3
14-Aug-2018 12:08:18.380 INFO [main] org.apache.catalina.startup.VersionLoggerListener.log Command line argument: -Djdk.tls.ephemeralDHKeySize=2048
14-Aug-2018 12:08:18.380 INFO [main] org.apache.catalina.startup.VersionLoggerListener.log Command line argument: -Djava.util.logging.config.file=D:\apache-tomcat-8.5.3\conf\logging.properties
14-Aug-2018 12:08:18.380 INFO [main] org.apache.catalina.startup.VersionLoggerListener.log Command line argument: -Djava.util.logging.manager=org.apache.juli.ClassLoaderLogManager
14-Aug-2018 12:08:18.380 INFO [main] org.apache.catalina.startup.VersionLoggerListener.log Command line argument: -Dcatalina.base=D:\apache-tomcat-8.5.3
14-Aug-2018 12:08:18.380 INFO [main] org.apache.catalina.startup.VersionLoggerListener.log Command line argument: -Dcatalina.home=D:\apache-tomcat-8.5.3
14-Aug-2018 12:08:18.380 INFO [main] org.apache.catalina.startup.VersionLoggerListener.log Command line argument: -Djava.io.tmpdir=D:\apache-tomcat-8.5.3\temp
14-Aug-2018 12:08:18.912 INFO [main] org.apache.coyote.AbstractProtocol.init Initializing ProtocolHandler ["https-jsse-nio-443"]
14-Aug-2018 12:08:19.881 INFO [main] org.apache.tomcat.util.net.NioSelectorPool.getSharedSelector Using a shared selector for servlet write/read
14-Aug-2018 12:08:19.896 INFO [main] org.apache.coyote.AbstractProtocol.init Initializing ProtocolHandler ["ajp-nio-8007"]
14-Aug-2018 12:08:19.896 INFO [main] org.apache.tomcat.util.net.NioSelectorPool.getSharedSelector Using a shared selector for servlet write/read
14-Aug-2018 12:08:19.896 INFO [main] org.apache.catalina.startup.Catalina.load Initialization processed in 3051 ms
14-Aug-2018 12:08:19.959 INFO [main] org.apache.catalina.core.StandardService.startInternal Starting service Catalina
14-Aug-2018 12:08:19.974 INFO [main] org.apache.catalina.core.StandardEngine.startInternal Starting Servlet Engine: Apache Tomcat/8.5.3
14-Aug-2018 12:08:19.990 INFO [localhost-startStop-1] org.apache.catalina.startup.HostConfig.deployDirectory Deploying web application directory D:\apache-tomcat-8.5.3\webapps\home
14-Aug-2018 12:08:20.084 WARNING [localhost-startStop-1] org.apache.catalina.webresources.Cache.getResource Unable to add the resource at [/WEB-INF/lib/spring-jdbc-3.2.3.RELEASE.jar] to the cache because there was insufficient free space available after evicting expired cache entries - consider increasing the maximum size of the cache
14-Aug-2018 12:08:20.084 WARNING [localhost-startStop-1] org.apache.catalina.webresources.Cache.getResource Unable to add the resource at [/WEB-INF/lib/spring-orm-4.3.4.RELEASE.jar] to the cache because there was insufficient free space available after evicting expired cache entries - consider increasing the maximum size of the cache
14-Aug-2018 12:08:20.084 WARNING [localhost-startStop-1] org.apache.catalina.webresources.Cache.getResource Unable to add the resource at [/WEB-INF/lib/stax2-api-3.1.3.jar] to the cache because there was insufficient free space available after evicting expired cache entries - consider increasing the maximum size of the cache
14-Aug-2018 12:08:20.084 WARNING [localhost-startStop-1] org.apache.catalina.webresources.Cache.getResource Unable to add the resource at [/WEB-INF/lib/woodstox-core-asl-4.2.0.jar] to the cache because there was insufficient free space available after evicting expired cache entries - consider increasing the maximum size of the cache
14-Aug-2018 12:08:20.084 WARNING [localhost-startStop-1] org.apache.catalina.webresources.Cache.getResource Unable to add the resource at [/WEB-INF/lib/wsdl4j-1.6.3.jar] to the cache because there was insufficient free space available after evicting expired cache entries - consider increasing the maximum size of the cache
14-Aug-2018 12:08:20.084 WARNING [localhost-startStop-1] org.apache.catalina.webresources.Cache.getResource Unable to add the resource at [/WEB-INF/lib/xml-resolver-1.2.jar] to the cache because there was insufficient free space available after evicting expired cache entries - consider increasing the maximum size of the cache
14-Aug-2018 12:08:20.084 WARNING [localhost-startStop-1] org.apache.catalina.webresources.Cache.getResource Unable to add the resource at [/WEB-INF/lib/xmlschema-core-2.0.3.jar] to the cache because there was insufficient free space available after evicting expired cache entries - consider increasing the maximum size of the cache
14-Aug-2018 12:08:20.418 WARNING [localhost-startStop-1] org.apache.catalina.webresources.Cache.getResource Unable to add the resource at [/WEB-INF/lib/spring-jdbc-3.2.3.RELEASE.jar] to the cache because there was insufficient free space available after evicting expired cache entries - consider increasing the maximum size of the cache
14-Aug-2018 12:08:20.418 WARNING [localhost-startStop-1] org.apache.catalina.webresources.Cache.getResource Unable to add the resource at [/WEB-INF/lib/spring-orm-4.3.4.RELEASE.jar] to the cache because there was insufficient free space available after evicting expired cache entries - consider increasing the maximum size of the cache
14-Aug-2018 12:08:20.418 WARNING [localhost-startStop-1] org.apache.catalina.webresources.Cache.getResource Unable to add the resource at [/WEB-INF/lib/stax2-api-3.1.3.jar] to the cache because there was insufficient free space available after evicting expired cache entries - consider increasing the maximum size of the cache
14-Aug-2018 12:08:20.418 WARNING [localhost-startStop-1] org.apache.catalina.webresources.Cache.getResource Unable to add the resource at [/WEB-INF/lib/woodstox-core-asl-4.2.0.jar] to the cache because there was insufficient free space available after evicting expired cache entries - consider increasing the maximum size of the cache
14-Aug-2018 12:08:20.418 WARNING [localhost-startStop-1] org.apache.catalina.webresources.Cache.getResource Unable to add the resource at [/WEB-INF/lib/wsdl4j-1.6.3.jar] to the cache because there was insufficient free space available after evicting expired cache entries - consider increasing the maximum size of the cache
14-Aug-2018 12:08:20.418 WARNING [localhost-startStop-1] org.apache.catalina.webresources.Cache.getResource Unable to add the resource at [/WEB-INF/lib/xml-resolver-1.2.jar] to the cache because there was insufficient free space available after evicting expired cache entries - consider increasing the maximum size of the cache
14-Aug-2018 12:08:20.418 WARNING [localhost-startStop-1] org.apache.catalina.webresources.Cache.getResource Unable to add the resource at [/WEB-INF/lib/xmlschema-core-2.0.3.jar] to the cache because there was insufficient free space available after evicting expired cache entries - consider increasing the maximum size of the cache
14-Aug-2018 12:08:20.731 WARNING [localhost-startStop-1] org.apache.catalina.webresources.Cache.getResource Unable to add the resource at [/WEB-INF/lib/stax2-api-3.1.3.jar] to the cache because there was insufficient free space available after evicting expired cache entries - consider increasing the maximum size of the cache
14-Aug-2018 12:08:20.731 WARNING [localhost-startStop-1] org.apache.catalina.webresources.Cache.getResource Unable to add the resource at [/WEB-INF/lib/spring-jdbc-3.2.3.RELEASE.jar] to the cache because there was insufficient free space available after evicting expired cache entries - consider increasing the maximum size of the cache
14-Aug-2018 12:08:20.731 WARNING [localhost-startStop-1] org.apache.catalina.webresources.Cache.getResource Unable to add the resource at [/WEB-INF/lib/xmlschema-core-2.0.3.jar] to the cache because there was insufficient free space available after evicting expired cache entries - consider increasing the maximum size of the cache
14-Aug-2018 12:08:20.731 WARNING [localhost-startStop-1] org.apache.catalina.webresources.Cache.getResource Unable to add the resource at [/WEB-INF/lib/woodstox-core-asl-4.2.0.jar] to the cache because there was insufficient free space available after evicting expired cache entries - consider increasing the maximum size of the cache
14-Aug-2018 12:08:20.731 WARNING [localhost-startStop-1] org.apache.catalina.webresources.Cache.getResource Unable to add the resource at [/WEB-INF/lib/xml-resolver-1.2.jar] to the cache because there was insufficient free space available after evicting expired cache entries - consider increasing the maximum size of the cache
14-Aug-2018 12:08:20.746 WARNING [localhost-startStop-1] org.apache.catalina.webresources.Cache.getResource Unable to add the resource at [/WEB-INF/lib/spring-orm-4.3.4.RELEASE.jar] to the cache because there was insufficient free space available after evicting expired cache entries - consider increasing the maximum size of the cache
14-Aug-2018 12:08:33.829 INFO [localhost-startStop-1] org.apache.jasper.servlet.TldScanner.scanJars At least one JAR was scanned for TLDs yet contained no TLDs. Enable debug logging for this logger for a complete list of JARs that were scanned but no TLDs were found in them. Skipping unneeded JARs during scanning can improve startup time and JSP compilation time.
14-Aug-2018 12:08:52.001 INFO [localhost-startStop-1] org.apache.catalina.startup.HostConfig.deployDirectory Deployment of web application directory D:\apache-tomcat-8.5.3\webapps\home has finished in 31,979 ms
14-Aug-2018 12:08:52.001 INFO [main] org.apache.coyote.AbstractProtocol.start Starting ProtocolHandler [https-jsse-nio-443]
14-Aug-2018 12:08:52.048 INFO [main] org.apache.coyote.AbstractProtocol.start Starting ProtocolHandler [ajp-nio-8007]
14-Aug-2018 12:08:52.048 INFO [main] org.apache.catalina.startup.Catalina.start Server startup in 32157 ms
14-Aug-2018 13:24:24.066 INFO [main] org.apache.catalina.startup.VersionLoggerListener.log Server version:        Apache Tomcat/8.5.3
14-Aug-2018 13:24:24.066 INFO [main] org.apache.catalina.startup.VersionLoggerListener.log Server built:          Jun 9 2016 11:16:29 UTC
14-Aug-2018 13:24:24.066 INFO [main] org.apache.catalina.startup.VersionLoggerListener.log Server number:         8.5.3.0
14-Aug-2018 13:24:24.066 INFO [main] org.apache.catalina.startup.VersionLoggerListener.log OS Name:               Windows 8.1
14-Aug-2018 13:24:24.066 INFO [main] org.apache.catalina.startup.VersionLoggerListener.log OS Version:            6.3
14-Aug-2018 13:24:24.066 INFO [main] org.apache.catalina.startup.VersionLoggerListener.log Architecture:          amd64
14-Aug-2018 13:24:24.066 INFO [main] org.apache.catalina.startup.VersionLoggerListener.log Java Home:             D:\jdk1.8.0_121\jre
14-Aug-2018 13:24:24.066 INFO [main] org.apache.catalina.startup.VersionLoggerListener.log JVM Version:           1.8.0_121-b13
14-Aug-2018 13:24:24.066 INFO [main] org.apache.catalina.startup.VersionLoggerListener.log JVM Vendor:            Oracle Corporation
14-Aug-2018 13:24:24.066 INFO [main] org.apache.catalina.startup.VersionLoggerListener.log CATALINA_BASE:         D:\apache-tomcat-8.5.3
14-Aug-2018 13:24:24.066 INFO [main] org.apache.catalina.startup.VersionLoggerListener.log CATALINA_HOME:         D:\apache-tomcat-8.5.3
14-Aug-2018 13:24:24.066 INFO [main] org.apache.catalina.startup.VersionLoggerListener.log Command line argument: -Djdk.tls.ephemeralDHKeySize=2048
14-Aug-2018 13:24:24.066 INFO [main] org.apache.catalina.startup.VersionLoggerListener.log Command line argument: -Djava.util.logging.config.file=D:\apache-tomcat-8.5.3\conf\logging.properties
14-Aug-2018 13:24:24.066 INFO [main] org.apache.catalina.startup.VersionLoggerListener.log Command line argument: -Djava.util.logging.manager=org.apache.juli.ClassLoaderLogManager
14-Aug-2018 13:24:24.066 INFO [main] org.apache.catalina.startup.VersionLoggerListener.log Command line argument: -Dcatalina.base=D:\apache-tomcat-8.5.3
14-Aug-2018 13:24:24.066 INFO [main] org.apache.catalina.startup.VersionLoggerListener.log Command line argument: -Dcatalina.home=D:\apache-tomcat-8.5.3
14-Aug-2018 13:24:24.066 INFO [main] org.apache.catalina.startup.VersionLoggerListener.log Command line argument: -Djava.io.tmpdir=D:\apache-tomcat-8.5.3\temp
14-Aug-2018 13:24:24.832 INFO [main] org.apache.coyote.AbstractProtocol.init Initializing ProtocolHandler ["https-jsse-nio-443"]
14-Aug-2018 13:24:26.004 INFO [main] org.apache.tomcat.util.net.NioSelectorPool.getSharedSelector Using a shared selector for servlet write/read
14-Aug-2018 13:24:26.004 INFO [main] org.apache.coyote.AbstractProtocol.init Initializing ProtocolHandler ["ajp-nio-8007"]
14-Aug-2018 13:24:26.019 INFO [main] org.apache.tomcat.util.net.NioSelectorPool.getSharedSelector Using a shared selector for servlet write/read
14-Aug-2018 13:24:26.019 INFO [main] org.apache.catalina.startup.Catalina.load Initialization processed in 3177 ms
14-Aug-2018 13:24:26.113 INFO [main] org.apache.catalina.core.StandardService.startInternal Starting service Catalina
14-Aug-2018 13:24:26.113 INFO [main] org.apache.catalina.core.StandardEngine.startInternal Starting Servlet Engine: Apache Tomcat/8.5.3
14-Aug-2018 13:24:26.128 INFO [localhost-startStop-1] org.apache.catalina.startup.HostConfig.deployDirectory Deploying web application directory D:\apache-tomcat-8.5.3\webapps\home
14-Aug-2018 13:24:26.238 WARNING [localhost-startStop-1] org.apache.catalina.webresources.Cache.getResource Unable to add the resource at [/WEB-INF/lib/spring-jdbc-3.2.3.RELEASE.jar] to the cache because there was insufficient free space available after evicting expired cache entries - consider increasing the maximum size of the cache
14-Aug-2018 13:24:26.238 WARNING [localhost-startStop-1] org.apache.catalina.webresources.Cache.getResource Unable to add the resource at [/WEB-INF/lib/spring-orm-4.3.4.RELEASE.jar] to the cache because there was insufficient free space available after evicting expired cache entries - consider increasing the maximum size of the cache
14-Aug-2018 13:24:26.238 WARNING [localhost-startStop-1] org.apache.catalina.webresources.Cache.getResource Unable to add the resource at [/WEB-INF/lib/stax2-api-3.1.3.jar] to the cache because there was insufficient free space available after evicting expired cache entries - consider increasing the maximum size of the cache
14-Aug-2018 13:24:26.238 WARNING [localhost-startStop-1] org.apache.catalina.webresources.Cache.getResource Unable to add the resource at [/WEB-INF/lib/woodstox-core-asl-4.2.0.jar] to the cache because there was insufficient free space available after evicting expired cache entries - consider increasing the maximum size of the cache
14-Aug-2018 13:24:26.238 WARNING [localhost-startStop-1] org.apache.catalina.webresources.Cache.getResource Unable to add the resource at [/WEB-INF/lib/wsdl4j-1.6.3.jar] to the cache because there was insufficient free space available after evicting expired cache entries - consider increasing the maximum size of the cache
14-Aug-2018 13:24:26.238 WARNING [localhost-startStop-1] org.apache.catalina.webresources.Cache.getResource Unable to add the resource at [/WEB-INF/lib/xml-resolver-1.2.jar] to the cache because there was insufficient free space available after evicting expired cache entries - consider increasing the maximum size of the cache
14-Aug-2018 13:24:26.238 WARNING [localhost-startStop-1] org.apache.catalina.webresources.Cache.getResource Unable to add the resource at [/WEB-INF/lib/xmlschema-core-2.0.3.jar] to the cache because there was insufficient free space available after evicting expired cache entries - consider increasing the maximum size of the cache
14-Aug-2018 13:24:26.582 WARNING [localhost-startStop-1] org.apache.catalina.webresources.Cache.getResource Unable to add the resource at [/WEB-INF/lib/spring-jdbc-3.2.3.RELEASE.jar] to the cache because there was insufficient free space available after evicting expired cache entries - consider increasing the maximum size of the cache
14-Aug-2018 13:24:26.582 WARNING [localhost-startStop-1] org.apache.catalina.webresources.Cache.getResource Unable to add the resource at [/WEB-INF/lib/spring-orm-4.3.4.RELEASE.jar] to the cache because there was insufficient free space available after evicting expired cache entries - consider increasing the maximum size of the cache
14-Aug-2018 13:24:26.582 WARNING [localhost-startStop-1] org.apache.catalina.webresources.Cache.getResource Unable to add the resource at [/WEB-INF/lib/stax2-api-3.1.3.jar] to the cache because there was insufficient free space available after evicting expired cache entries - consider increasing the maximum size of the cache
14-Aug-2018 13:24:26.582 WARNING [localhost-startStop-1] org.apache.catalina.webresources.Cache.getResource Unable to add the resource at [/WEB-INF/lib/woodstox-core-asl-4.2.0.jar] to the cache because there was insufficient free space available after evicting expired cache entries - consider increasing the maximum size of the cache
14-Aug-2018 13:24:26.582 WARNING [localhost-startStop-1] org.apache.catalina.webresources.Cache.getResource Unable to add the resource at [/WEB-INF/lib/wsdl4j-1.6.3.jar] to the cache because there was insufficient free space available after evicting expired cache entries - consider increasing the maximum size of the cache
14-Aug-2018 13:24:26.582 WARNING [localhost-startStop-1] org.apache.catalina.webresources.Cache.getResource Unable to add the resource at [/WEB-INF/lib/xml-resolver-1.2.jar] to the cache because there was insufficient free space available after evicting expired cache entries - consider increasing the maximum size of the cache
14-Aug-2018 13:24:26.582 WARNING [localhost-startStop-1] org.apache.catalina.webresources.Cache.getResource Unable to add the resource at [/WEB-INF/lib/xmlschema-core-2.0.3.jar] to the cache because there was insufficient free space available after evicting expired cache entries - consider increasing the maximum size of the cache
14-Aug-2018 13:24:26.894 WARNING [localhost-startStop-1] org.apache.catalina.webresources.Cache.getResource Unable to add the resource at [/WEB-INF/lib/stax2-api-3.1.3.jar] to the cache because there was insufficient free space available after evicting expired cache entries - consider increasing the maximum size of the cache
14-Aug-2018 13:24:26.894 WARNING [localhost-startStop-1] org.apache.catalina.webresources.Cache.getResource Unable to add the resource at [/WEB-INF/lib/spring-jdbc-3.2.3.RELEASE.jar] to the cache because there was insufficient free space available after evicting expired cache entries - consider increasing the maximum size of the cache
14-Aug-2018 13:24:26.894 WARNING [localhost-startStop-1] org.apache.catalina.webresources.Cache.getResource Unable to add the resource at [/WEB-INF/lib/xmlschema-core-2.0.3.jar] to the cache because there was insufficient free space available after evicting expired cache entries - consider increasing the maximum size of the cache
14-Aug-2018 13:24:26.894 WARNING [localhost-startStop-1] org.apache.catalina.webresources.Cache.getResource Unable to add the resource at [/WEB-INF/lib/woodstox-core-asl-4.2.0.jar] to the cache because there was insufficient free space available after evicting expired cache entries - consider increasing the maximum size of the cache
14-Aug-2018 13:24:26.894 WARNING [localhost-startStop-1] org.apache.catalina.webresources.Cache.getResource Unable to add the resource at [/WEB-INF/lib/xml-resolver-1.2.jar] to the cache because there was insufficient free space available after evicting expired cache entries - consider increasing the maximum size of the cache
14-Aug-2018 13:24:26.910 WARNING [localhost-startStop-1] org.apache.catalina.webresources.Cache.getResource Unable to add the resource at [/WEB-INF/lib/spring-orm-4.3.4.RELEASE.jar] to the cache because there was insufficient free space available after evicting expired cache entries - consider increasing the maximum size of the cache
14-Aug-2018 13:24:39.144 INFO [localhost-startStop-1] org.apache.jasper.servlet.TldScanner.scanJars At least one JAR was scanned for TLDs yet contained no TLDs. Enable debug logging for this logger for a complete list of JARs that were scanned but no TLDs were found in them. Skipping unneeded JARs during scanning can improve startup time and JSP compilation time.
14-Aug-2018 13:24:51.864 INFO [localhost-startStop-1] org.apache.catalina.startup.HostConfig.deployDirectory Deployment of web application directory D:\apache-tomcat-8.5.3\webapps\home has finished in 25,735 ms
14-Aug-2018 13:24:51.870 INFO [main] org.apache.coyote.AbstractProtocol.start Starting ProtocolHandler [https-jsse-nio-443]
14-Aug-2018 13:24:52.661 INFO [main] org.apache.coyote.AbstractProtocol.start Starting ProtocolHandler [ajp-nio-8007]
14-Aug-2018 13:24:52.661 INFO [main] org.apache.catalina.startup.Catalina.start Server startup in 26652 ms
14-Aug-2018 13:57:45.019 INFO [main] org.apache.catalina.startup.VersionLoggerListener.log Server version:        Apache Tomcat/8.5.3
14-Aug-2018 13:57:45.019 INFO [main] org.apache.catalina.startup.VersionLoggerListener.log Server built:          Jun 9 2016 11:16:29 UTC
14-Aug-2018 13:57:45.019 INFO [main] org.apache.catalina.startup.VersionLoggerListener.log Server number:         8.5.3.0
14-Aug-2018 13:57:45.019 INFO [main] org.apache.catalina.startup.VersionLoggerListener.log OS Name:               Windows 8.1
14-Aug-2018 13:57:45.019 INFO [main] org.apache.catalina.startup.VersionLoggerListener.log OS Version:            6.3
14-Aug-2018 13:57:45.019 INFO [main] org.apache.catalina.startup.VersionLoggerListener.log Architecture:          amd64
14-Aug-2018 13:57:45.019 INFO [main] org.apache.catalina.startup.VersionLoggerListener.log Java Home:             D:\jdk1.8.0_121\jre
14-Aug-2018 13:57:45.019 INFO [main] org.apache.catalina.startup.VersionLoggerListener.log JVM Version:           1.8.0_121-b13
14-Aug-2018 13:57:45.019 INFO [main] org.apache.catalina.startup.VersionLoggerListener.log JVM Vendor:            Oracle Corporation
14-Aug-2018 13:57:45.019 INFO [main] org.apache.catalina.startup.VersionLoggerListener.log CATALINA_BASE:         D:\apache-tomcat-8.5.3
14-Aug-2018 13:57:45.019 INFO [main] org.apache.catalina.startup.VersionLoggerListener.log CATALINA_HOME:         D:\apache-tomcat-8.5.3
14-Aug-2018 13:57:45.019 INFO [main] org.apache.catalina.startup.VersionLoggerListener.log Command line argument: -Djdk.tls.ephemeralDHKeySize=2048
14-Aug-2018 13:57:45.019 INFO [main] org.apache.catalina.startup.VersionLoggerListener.log Command line argument: -Djava.util.logging.config.file=D:\apache-tomcat-8.5.3\conf\logging.properties
14-Aug-2018 13:57:45.019 INFO [main] org.apache.catalina.startup.VersionLoggerListener.log Command line argument: -Djava.util.logging.manager=org.apache.juli.ClassLoaderLogManager
14-Aug-2018 13:57:45.019 INFO [main] org.apache.catalina.startup.VersionLoggerListener.log Command line argument: -Dcatalina.base=D:\apache-tomcat-8.5.3
14-Aug-2018 13:57:45.019 INFO [main] org.apache.catalina.startup.VersionLoggerListener.log Command line argument: -Dcatalina.home=D:\apache-tomcat-8.5.3
14-Aug-2018 13:57:45.019 INFO [main] org.apache.catalina.startup.VersionLoggerListener.log Command line argument: -Djava.io.tmpdir=D:\apache-tomcat-8.5.3\temp
14-Aug-2018 13:57:46.390 INFO [main] org.apache.coyote.AbstractProtocol.init Initializing ProtocolHandler ["https-jsse-nio-443"]
14-Aug-2018 13:57:47.817 INFO [main] org.apache.tomcat.util.net.NioSelectorPool.getSharedSelector Using a shared selector for servlet write/read
14-Aug-2018 13:57:47.817 INFO [main] org.apache.coyote.AbstractProtocol.init Initializing ProtocolHandler ["ajp-nio-8007"]
14-Aug-2018 13:57:47.817 INFO [main] org.apache.tomcat.util.net.NioSelectorPool.getSharedSelector Using a shared selector for servlet write/read
14-Aug-2018 13:57:47.832 INFO [main] org.apache.catalina.startup.Catalina.load Initialization processed in 4868 ms
14-Aug-2018 13:57:47.910 INFO [main] org.apache.catalina.core.StandardService.startInternal Starting service Catalina
14-Aug-2018 13:57:47.910 INFO [main] org.apache.catalina.core.StandardEngine.startInternal Starting Servlet Engine: Apache Tomcat/8.5.3
14-Aug-2018 13:57:48.035 INFO [localhost-startStop-1] org.apache.catalina.startup.HostConfig.deployWAR Deploying web application archive D:\apache-tomcat-8.5.3\webapps\home.war
14-Aug-2018 13:57:50.193 WARNING [localhost-startStop-1] org.apache.catalina.webresources.Cache.getResource Unable to add the resource at [/WEB-INF/lib/spring-jdbc-3.2.3.RELEASE.jar] to the cache because there was insufficient free space available after evicting expired cache entries - consider increasing the maximum size of the cache
14-Aug-2018 13:57:50.193 WARNING [localhost-startStop-1] org.apache.catalina.webresources.Cache.getResource Unable to add the resource at [/WEB-INF/lib/spring-orm-4.3.4.RELEASE.jar] to the cache because there was insufficient free space available after evicting expired cache entries - consider increasing the maximum size of the cache
14-Aug-2018 13:57:50.193 WARNING [localhost-startStop-1] org.apache.catalina.webresources.Cache.getResource Unable to add the resource at [/WEB-INF/lib/stax2-api-3.1.3.jar] to the cache because there was insufficient free space available after evicting expired cache entries - consider increasing the maximum size of the cache
14-Aug-2018 13:57:50.193 WARNING [localhost-startStop-1] org.apache.catalina.webresources.Cache.getResource Unable to add the resource at [/WEB-INF/lib/woodstox-core-asl-4.2.0.jar] to the cache because there was insufficient free space available after evicting expired cache entries - consider increasing the maximum size of the cache
14-Aug-2018 13:57:50.193 WARNING [localhost-startStop-1] org.apache.catalina.webresources.Cache.getResource Unable to add the resource at [/WEB-INF/lib/wsdl4j-1.6.3.jar] to the cache because there was insufficient free space available after evicting expired cache entries - consider increasing the maximum size of the cache
14-Aug-2018 13:57:50.193 WARNING [localhost-startStop-1] org.apache.catalina.webresources.Cache.getResource Unable to add the resource at [/WEB-INF/lib/xml-resolver-1.2.jar] to the cache because there was insufficient free space available after evicting expired cache entries - consider increasing the maximum size of the cache
14-Aug-2018 13:57:50.208 WARNING [localhost-startStop-1] org.apache.catalina.webresources.Cache.getResource Unable to add the resource at [/WEB-INF/lib/xmlschema-core-2.0.3.jar] to the cache because there was insufficient free space available after evicting expired cache entries - consider increasing the maximum size of the cache
14-Aug-2018 13:57:50.568 WARNING [localhost-startStop-1] org.apache.catalina.webresources.Cache.getResource Unable to add the resource at [/WEB-INF/lib/spring-jdbc-3.2.3.RELEASE.jar] to the cache because there was insufficient free space available after evicting expired cache entries - consider increasing the maximum size of the cache
14-Aug-2018 13:57:50.568 WARNING [localhost-startStop-1] org.apache.catalina.webresources.Cache.getResource Unable to add the resource at [/WEB-INF/lib/spring-orm-4.3.4.RELEASE.jar] to the cache because there was insufficient free space available after evicting expired cache entries - consider increasing the maximum size of the cache
14-Aug-2018 13:57:50.584 WARNING [localhost-startStop-1] org.apache.catalina.webresources.Cache.getResource Unable to add the resource at [/WEB-INF/lib/stax2-api-3.1.3.jar] to the cache because there was insufficient free space available after evicting expired cache entries - consider increasing the maximum size of the cache
14-Aug-2018 13:57:50.584 WARNING [localhost-startStop-1] org.apache.catalina.webresources.Cache.getResource Unable to add the resource at [/WEB-INF/lib/woodstox-core-asl-4.2.0.jar] to the cache because there was insufficient free space available after evicting expired cache entries - consider increasing the maximum size of the cache
14-Aug-2018 13:57:50.584 WARNING [localhost-startStop-1] org.apache.catalina.webresources.Cache.getResource Unable to add the resource at [/WEB-INF/lib/wsdl4j-1.6.3.jar] to the cache because there was insufficient free space available after evicting expired cache entries - consider increasing the maximum size of the cache
14-Aug-2018 13:57:50.584 WARNING [localhost-startStop-1] org.apache.catalina.webresources.Cache.getResource Unable to add the resource at [/WEB-INF/lib/xml-resolver-1.2.jar] to the cache because there was insufficient free space available after evicting expired cache entries - consider increasing the maximum size of the cache
14-Aug-2018 13:57:50.584 WARNING [localhost-startStop-1] org.apache.catalina.webresources.Cache.getResource Unable to add the resource at [/WEB-INF/lib/xmlschema-core-2.0.3.jar] to the cache because there was insufficient free space available after evicting expired cache entries - consider increasing the maximum size of the cache
14-Aug-2018 13:57:53.723 WARNING [localhost-startStop-1] org.apache.catalina.webresources.Cache.getResource Unable to add the resource at [/WEB-INF/lib/stax2-api-3.1.3.jar] to the cache because there was insufficient free space available after evicting expired cache entries - consider increasing the maximum size of the cache
14-Aug-2018 13:57:53.723 WARNING [localhost-startStop-1] org.apache.catalina.webresources.Cache.getResource Unable to add the resource at [/WEB-INF/lib/spring-jdbc-3.2.3.RELEASE.jar] to the cache because there was insufficient free space available after evicting expired cache entries - consider increasing the maximum size of the cache
14-Aug-2018 13:57:53.723 WARNING [localhost-startStop-1] org.apache.catalina.webresources.Cache.getResource Unable to add the resource at [/WEB-INF/lib/xmlschema-core-2.0.3.jar] to the cache because there was insufficient free space available after evicting expired cache entries - consider increasing the maximum size of the cache
14-Aug-2018 13:57:53.723 WARNING [localhost-startStop-1] org.apache.catalina.webresources.Cache.getResource Unable to add the resource at [/WEB-INF/lib/woodstox-core-asl-4.2.0.jar] to the cache because there was insufficient free space available after evicting expired cache entries - consider increasing the maximum size of the cache
14-Aug-2018 13:57:53.738 WARNING [localhost-startStop-1] org.apache.catalina.webresources.Cache.getResource Unable to add the resource at [/WEB-INF/lib/xml-resolver-1.2.jar] to the cache because there was insufficient free space available after evicting expired cache entries - consider increasing the maximum size of the cache
14-Aug-2018 13:57:53.738 WARNING [localhost-startStop-1] org.apache.catalina.webresources.Cache.getResource Unable to add the resource at [/WEB-INF/lib/spring-orm-4.3.4.RELEASE.jar] to the cache because there was insufficient free space available after evicting expired cache entries - consider increasing the maximum size of the cache
14-Aug-2018 13:58:01.796 INFO [localhost-startStop-1] org.apache.jasper.servlet.TldScanner.scanJars At least one JAR was scanned for TLDs yet contained no TLDs. Enable debug logging for this logger for a complete list of JARs that were scanned but no TLDs were found in them. Skipping unneeded JARs during scanning can improve startup time and JSP compilation time.
14-Aug-2018 13:58:16.588 INFO [localhost-startStop-1] org.apache.catalina.startup.HostConfig.deployWAR Deployment of web application archive D:\apache-tomcat-8.5.3\webapps\home.war has finished in 28,538 ms
14-Aug-2018 13:58:16.588 INFO [main] org.apache.coyote.AbstractProtocol.start Starting ProtocolHandler [https-jsse-nio-443]
14-Aug-2018 13:58:16.604 INFO [main] org.apache.coyote.AbstractProtocol.start Starting ProtocolHandler [ajp-nio-8007]
14-Aug-2018 13:58:16.620 INFO [main] org.apache.catalina.startup.Catalina.start Server startup in 28788 ms
14-Aug-2018 14:11:07.142 INFO [Thread-10] org.apache.coyote.AbstractProtocol.pause Pausing ProtocolHandler ["https-jsse-nio-443"]
14-Aug-2018 14:27:38.627 INFO [main] org.apache.catalina.startup.VersionLoggerListener.log Server version:        Apache Tomcat/8.5.3
14-Aug-2018 14:27:38.642 INFO [main] org.apache.catalina.startup.VersionLoggerListener.log Server built:          Jun 9 2016 11:16:29 UTC
14-Aug-2018 14:27:38.642 INFO [main] org.apache.catalina.startup.VersionLoggerListener.log Server number:         8.5.3.0
14-Aug-2018 14:27:38.642 INFO [main] org.apache.catalina.startup.VersionLoggerListener.log OS Name:               Windows 8.1
14-Aug-2018 14:27:38.642 INFO [main] org.apache.catalina.startup.VersionLoggerListener.log OS Version:            6.3
14-Aug-2018 14:27:38.642 INFO [main] org.apache.catalina.startup.VersionLoggerListener.log Architecture:          amd64
14-Aug-2018 14:27:38.642 INFO [main] org.apache.catalina.startup.VersionLoggerListener.log Java Home:             D:\jdk1.8.0_121\jre
14-Aug-2018 14:27:38.642 INFO [main] org.apache.catalina.startup.VersionLoggerListener.log JVM Version:           1.8.0_121-b13
14-Aug-2018 14:27:38.642 INFO [main] org.apache.catalina.startup.VersionLoggerListener.log JVM Vendor:            Oracle Corporation
14-Aug-2018 14:27:38.642 INFO [main] org.apache.catalina.startup.VersionLoggerListener.log CATALINA_BASE:         D:\apache-tomcat-8.5.3
14-Aug-2018 14:27:38.642 INFO [main] org.apache.catalina.startup.VersionLoggerListener.log CATALINA_HOME:         D:\apache-tomcat-8.5.3
14-Aug-2018 14:27:38.642 INFO [main] org.apache.catalina.startup.VersionLoggerListener.log Command line argument: -Djdk.tls.ephemeralDHKeySize=2048
14-Aug-2018 14:27:38.642 INFO [main] org.apache.catalina.startup.VersionLoggerListener.log Command line argument: -Djava.util.logging.config.file=D:\apache-tomcat-8.5.3\conf\logging.properties
14-Aug-2018 14:27:38.642 INFO [main] org.apache.catalina.startup.VersionLoggerListener.log Command line argument: -Djava.util.logging.manager=org.apache.juli.ClassLoaderLogManager
14-Aug-2018 14:27:38.642 INFO [main] org.apache.catalina.startup.VersionLoggerListener.log Command line argument: -Dcatalina.base=D:\apache-tomcat-8.5.3
14-Aug-2018 14:27:38.642 INFO [main] org.apache.catalina.startup.VersionLoggerListener.log Command line argument: -Dcatalina.home=D:\apache-tomcat-8.5.3
14-Aug-2018 14:27:38.642 INFO [main] org.apache.catalina.startup.VersionLoggerListener.log Command line argument: -Djava.io.tmpdir=D:\apache-tomcat-8.5.3\temp
14-Aug-2018 14:27:40.231 INFO [main] org.apache.coyote.AbstractProtocol.init Initializing ProtocolHandler ["https-jsse-nio-443"]
14-Aug-2018 14:27:41.403 INFO [main] org.apache.tomcat.util.net.NioSelectorPool.getSharedSelector Using a shared selector for servlet write/read
14-Aug-2018 14:27:41.403 INFO [main] org.apache.coyote.AbstractProtocol.init Initializing ProtocolHandler ["ajp-nio-8007"]
14-Aug-2018 14:27:41.403 INFO [main] org.apache.tomcat.util.net.NioSelectorPool.getSharedSelector Using a shared selector for servlet write/read
14-Aug-2018 14:27:41.403 INFO [main] org.apache.catalina.startup.Catalina.load Initialization processed in 5452 ms
14-Aug-2018 14:27:41.537 INFO [main] org.apache.catalina.core.StandardService.startInternal Starting service Catalina
14-Aug-2018 14:27:41.537 INFO [main] org.apache.catalina.core.StandardEngine.startInternal Starting Servlet Engine: Apache Tomcat/8.5.3
14-Aug-2018 14:27:41.724 INFO [localhost-startStop-1] org.apache.catalina.startup.HostConfig.deployWAR Deploying web application archive D:\apache-tomcat-8.5.3\webapps\home.war
14-Aug-2018 14:27:41.912 WARNING [localhost-startStop-1] org.apache.catalina.webresources.Cache.getResource Unable to add the resource at [/WEB-INF/lib/spring-jdbc-3.2.3.RELEASE.jar] to the cache because there was insufficient free space available after evicting expired cache entries - consider increasing the maximum size of the cache
14-Aug-2018 14:27:41.912 WARNING [localhost-startStop-1] org.apache.catalina.webresources.Cache.getResource Unable to add the resource at [/WEB-INF/lib/spring-orm-4.3.4.RELEASE.jar] to the cache because there was insufficient free space available after evicting expired cache entries - consider increasing the maximum size of the cache
14-Aug-2018 14:27:41.912 WARNING [localhost-startStop-1] org.apache.catalina.webresources.Cache.getResource Unable to add the resource at [/WEB-INF/lib/stax2-api-3.1.3.jar] to the cache because there was insufficient free space available after evicting expired cache entries - consider increasing the maximum size of the cache
14-Aug-2018 14:27:41.912 WARNING [localhost-startStop-1] org.apache.catalina.webresources.Cache.getResource Unable to add the resource at [/WEB-INF/lib/woodstox-core-asl-4.2.0.jar] to the cache because there was insufficient free space available after evicting expired cache entries - consider increasing the maximum size of the cache
14-Aug-2018 14:27:41.912 WARNING [localhost-startStop-1] org.apache.catalina.webresources.Cache.getResource Unable to add the resource at [/WEB-INF/lib/wsdl4j-1.6.3.jar] to the cache because there was insufficient free space available after evicting expired cache entries - consider increasing the maximum size of the cache
14-Aug-2018 14:27:41.928 WARNING [localhost-startStop-1] org.apache.catalina.webresources.Cache.getResource Unable to add the resource at [/WEB-INF/lib/xml-resolver-1.2.jar] to the cache because there was insufficient free space available after evicting expired cache entries - consider increasing the maximum size of the cache
14-Aug-2018 14:27:41.928 WARNING [localhost-startStop-1] org.apache.catalina.webresources.Cache.getResource Unable to add the resource at [/WEB-INF/lib/xmlschema-core-2.0.3.jar] to the cache because there was insufficient free space available after evicting expired cache entries - consider increasing the maximum size of the cache
14-Aug-2018 14:27:46.059 WARNING [localhost-startStop-1] org.apache.catalina.webresources.Cache.getResource Unable to add the resource at [/WEB-INF/lib/spring-jdbc-3.2.3.RELEASE.jar] to the cache because there was insufficient free space available after evicting expired cache entries - consider increasing the maximum size of the cache
14-Aug-2018 14:27:46.059 WARNING [localhost-startStop-1] org.apache.catalina.webresources.Cache.getResource Unable to add the resource at [/WEB-INF/lib/spring-orm-4.3.4.RELEASE.jar] to the cache because there was insufficient free space available after evicting expired cache entries - consider increasing the maximum size of the cache
14-Aug-2018 14:27:46.059 WARNING [localhost-startStop-1] org.apache.catalina.webresources.Cache.getResource Unable to add the resource at [/WEB-INF/lib/stax2-api-3.1.3.jar] to the cache because there was insufficient free space available after evicting expired cache entries - consider increasing the maximum size of the cache
14-Aug-2018 14:27:46.059 WARNING [localhost-startStop-1] org.apache.catalina.webresources.Cache.getResource Unable to add the resource at [/WEB-INF/lib/woodstox-core-asl-4.2.0.jar] to the cache because there was insufficient free space available after evicting expired cache entries - consider increasing the maximum size of the cache
14-Aug-2018 14:27:46.059 WARNING [localhost-startStop-1] org.apache.catalina.webresources.Cache.getResource Unable to add the resource at [/WEB-INF/lib/wsdl4j-1.6.3.jar] to the cache because there was insufficient free space available after evicting expired cache entries - consider increasing the maximum size of the cache
14-Aug-2018 14:27:46.059 WARNING [localhost-startStop-1] org.apache.catalina.webresources.Cache.getResource Unable to add the resource at [/WEB-INF/lib/xml-resolver-1.2.jar] to the cache because there was insufficient free space available after evicting expired cache entries - consider increasing the maximum size of the cache
14-Aug-2018 14:27:46.059 WARNING [localhost-startStop-1] org.apache.catalina.webresources.Cache.getResource Unable to add the resource at [/WEB-INF/lib/xmlschema-core-2.0.3.jar] to the cache because there was insufficient free space available after evicting expired cache entries - consider increasing the maximum size of the cache
14-Aug-2018 14:27:46.399 WARNING [localhost-startStop-1] org.apache.catalina.webresources.Cache.getResource Unable to add the resource at [/WEB-INF/lib/stax2-api-3.1.3.jar] to the cache because there was insufficient free space available after evicting expired cache entries - consider increasing the maximum size of the cache
14-Aug-2018 14:27:46.415 WARNING [localhost-startStop-1] org.apache.catalina.webresources.Cache.getResource Unable to add the resource at [/WEB-INF/lib/spring-jdbc-3.2.3.RELEASE.jar] to the cache because there was insufficient free space available after evicting expired cache entries - consider increasing the maximum size of the cache
14-Aug-2018 14:27:46.415 WARNING [localhost-startStop-1] org.apache.catalina.webresources.Cache.getResource Unable to add the resource at [/WEB-INF/lib/xmlschema-core-2.0.3.jar] to the cache because there was insufficient free space available after evicting expired cache entries - consider increasing the maximum size of the cache
14-Aug-2018 14:27:46.431 WARNING [localhost-startStop-1] org.apache.catalina.webresources.Cache.getResource Unable to add the resource at [/WEB-INF/lib/woodstox-core-asl-4.2.0.jar] to the cache because there was insufficient free space available after evicting expired cache entries - consider increasing the maximum size of the cache
14-Aug-2018 14:27:46.431 WARNING [localhost-startStop-1] org.apache.catalina.webresources.Cache.getResource Unable to add the resource at [/WEB-INF/lib/xml-resolver-1.2.jar] to the cache because there was insufficient free space available after evicting expired cache entries - consider increasing the maximum size of the cache
14-Aug-2018 14:27:46.446 WARNING [localhost-startStop-1] org.apache.catalina.webresources.Cache.getResource Unable to add the resource at [/WEB-INF/lib/spring-orm-4.3.4.RELEASE.jar] to the cache because there was insufficient free space available after evicting expired cache entries - consider increasing the maximum size of the cache
14-Aug-2018 14:27:55.954 INFO [localhost-startStop-1] org.apache.jasper.servlet.TldScanner.scanJars At least one JAR was scanned for TLDs yet contained no TLDs. Enable debug logging for this logger for a complete list of JARs that were scanned but no TLDs were found in them. Skipping unneeded JARs during scanning can improve startup time and JSP compilation time.
14-Aug-2018 14:28:05.402 INFO [localhost-startStop-1] org.apache.catalina.startup.HostConfig.deployWAR Deployment of web application archive D:\apache-tomcat-8.5.3\webapps\home.war has finished in 23,678 ms
14-Aug-2018 14:28:05.402 INFO [main] org.apache.coyote.AbstractProtocol.start Starting ProtocolHandler [https-jsse-nio-443]
14-Aug-2018 14:28:05.417 INFO [main] org.apache.coyote.AbstractProtocol.start Starting ProtocolHandler [ajp-nio-8007]
14-Aug-2018 14:28:05.433 INFO [main] org.apache.catalina.startup.Catalina.start Server startup in 24018 ms
