20-Aug-2018 09:56:42.014 INFO [main] org.apache.catalina.startup.VersionLoggerListener.log Server version:        Apache Tomcat/8.5.3
20-Aug-2018 09:56:42.014 INFO [main] org.apache.catalina.startup.VersionLoggerListener.log Server built:          Jun 9 2016 11:16:29 UTC
20-Aug-2018 09:56:42.014 INFO [main] org.apache.catalina.startup.VersionLoggerListener.log Server number:         8.5.3.0
20-Aug-2018 09:56:42.014 INFO [main] org.apache.catalina.startup.VersionLoggerListener.log OS Name:               Windows 8.1
20-Aug-2018 09:56:42.014 INFO [main] org.apache.catalina.startup.VersionLoggerListener.log OS Version:            6.3
20-Aug-2018 09:56:42.014 INFO [main] org.apache.catalina.startup.VersionLoggerListener.log Architecture:          amd64
20-Aug-2018 09:56:42.014 INFO [main] org.apache.catalina.startup.VersionLoggerListener.log Java Home:             D:\jdk1.8.0_121\jre
20-Aug-2018 09:56:42.014 INFO [main] org.apache.catalina.startup.VersionLoggerListener.log JVM Version:           1.8.0_121-b13
20-Aug-2018 09:56:42.014 INFO [main] org.apache.catalina.startup.VersionLoggerListener.log JVM Vendor:            Oracle Corporation
20-Aug-2018 09:56:42.014 INFO [main] org.apache.catalina.startup.VersionLoggerListener.log CATALINA_BASE:         D:\apache-tomcat-8.5.3
20-Aug-2018 09:56:42.014 INFO [main] org.apache.catalina.startup.VersionLoggerListener.log CATALINA_HOME:         D:\apache-tomcat-8.5.3
20-Aug-2018 09:56:42.014 INFO [main] org.apache.catalina.startup.VersionLoggerListener.log Command line argument: -Djdk.tls.ephemeralDHKeySize=2048
20-Aug-2018 09:56:42.014 INFO [main] org.apache.catalina.startup.VersionLoggerListener.log Command line argument: -Djava.util.logging.config.file=D:\apache-tomcat-8.5.3\conf\logging.properties
20-Aug-2018 09:56:42.014 INFO [main] org.apache.catalina.startup.VersionLoggerListener.log Command line argument: -Djava.util.logging.manager=org.apache.juli.ClassLoaderLogManager
20-Aug-2018 09:56:42.014 INFO [main] org.apache.catalina.startup.VersionLoggerListener.log Command line argument: -Dcatalina.base=D:\apache-tomcat-8.5.3
20-Aug-2018 09:56:42.014 INFO [main] org.apache.catalina.startup.VersionLoggerListener.log Command line argument: -Dcatalina.home=D:\apache-tomcat-8.5.3
20-Aug-2018 09:56:42.014 INFO [main] org.apache.catalina.startup.VersionLoggerListener.log Command line argument: -Djava.io.tmpdir=D:\apache-tomcat-8.5.3\temp
20-Aug-2018 09:56:46.277 INFO [main] org.apache.coyote.AbstractProtocol.init Initializing ProtocolHandler ["https-jsse-nio-443"]
20-Aug-2018 09:56:47.746 INFO [main] org.apache.tomcat.util.net.NioSelectorPool.getSharedSelector Using a shared selector for servlet write/read
20-Aug-2018 09:56:47.762 INFO [main] org.apache.coyote.AbstractProtocol.init Initializing ProtocolHandler ["ajp-nio-8007"]
20-Aug-2018 09:56:47.762 INFO [main] org.apache.tomcat.util.net.NioSelectorPool.getSharedSelector Using a shared selector for servlet write/read
20-Aug-2018 09:56:47.762 INFO [main] org.apache.catalina.startup.Catalina.load Initialization processed in 8284 ms
20-Aug-2018 09:56:47.919 INFO [main] org.apache.catalina.core.StandardService.startInternal Starting service Catalina
20-Aug-2018 09:56:47.919 INFO [main] org.apache.catalina.core.StandardEngine.startInternal Starting Servlet Engine: Apache Tomcat/8.5.3
20-Aug-2018 09:56:47.981 INFO [localhost-startStop-1] org.apache.catalina.startup.HostConfig.deployWAR Deploying web application archive D:\apache-tomcat-8.5.3\webapps\home.war
20-Aug-2018 09:56:49.920 WARNING [localhost-startStop-1] org.apache.catalina.webresources.Cache.getResource Unable to add the resource at [/WEB-INF/lib/spring-jdbc-3.2.3.RELEASE.jar] to the cache because there was insufficient free space available after evicting expired cache entries - consider increasing the maximum size of the cache
20-Aug-2018 09:56:49.920 WARNING [localhost-startStop-1] org.apache.catalina.webresources.Cache.getResource Unable to add the resource at [/WEB-INF/lib/spring-orm-4.3.4.RELEASE.jar] to the cache because there was insufficient free space available after evicting expired cache entries - consider increasing the maximum size of the cache
20-Aug-2018 09:56:49.920 WARNING [localhost-startStop-1] org.apache.catalina.webresources.Cache.getResource Unable to add the resource at [/WEB-INF/lib/stax2-api-3.1.3.jar] to the cache because there was insufficient free space available after evicting expired cache entries - consider increasing the maximum size of the cache
20-Aug-2018 09:56:49.936 WARNING [localhost-startStop-1] org.apache.catalina.webresources.Cache.getResource Unable to add the resource at [/WEB-INF/lib/woodstox-core-asl-4.2.0.jar] to the cache because there was insufficient free space available after evicting expired cache entries - consider increasing the maximum size of the cache
20-Aug-2018 09:56:49.936 WARNING [localhost-startStop-1] org.apache.catalina.webresources.Cache.getResource Unable to add the resource at [/WEB-INF/lib/wsdl4j-1.6.3.jar] to the cache because there was insufficient free space available after evicting expired cache entries - consider increasing the maximum size of the cache
20-Aug-2018 09:56:49.936 WARNING [localhost-startStop-1] org.apache.catalina.webresources.Cache.getResource Unable to add the resource at [/WEB-INF/lib/xml-resolver-1.2.jar] to the cache because there was insufficient free space available after evicting expired cache entries - consider increasing the maximum size of the cache
20-Aug-2018 09:56:49.936 WARNING [localhost-startStop-1] org.apache.catalina.webresources.Cache.getResource Unable to add the resource at [/WEB-INF/lib/xmlschema-core-2.0.3.jar] to the cache because there was insufficient free space available after evicting expired cache entries - consider increasing the maximum size of the cache
20-Aug-2018 09:56:50.561 WARNING [localhost-startStop-1] org.apache.catalina.webresources.Cache.getResource Unable to add the resource at [/WEB-INF/lib/spring-jdbc-3.2.3.RELEASE.jar] to the cache because there was insufficient free space available after evicting expired cache entries - consider increasing the maximum size of the cache
20-Aug-2018 09:56:50.561 WARNING [localhost-startStop-1] org.apache.catalina.webresources.Cache.getResource Unable to add the resource at [/WEB-INF/lib/spring-orm-4.3.4.RELEASE.jar] to the cache because there was insufficient free space available after evicting expired cache entries - consider increasing the maximum size of the cache
20-Aug-2018 09:56:50.561 WARNING [localhost-startStop-1] org.apache.catalina.webresources.Cache.getResource Unable to add the resource at [/WEB-INF/lib/stax2-api-3.1.3.jar] to the cache because there was insufficient free space available after evicting expired cache entries - consider increasing the maximum size of the cache
20-Aug-2018 09:56:50.561 WARNING [localhost-startStop-1] org.apache.catalina.webresources.Cache.getResource Unable to add the resource at [/WEB-INF/lib/woodstox-core-asl-4.2.0.jar] to the cache because there was insufficient free space available after evicting expired cache entries - consider increasing the maximum size of the cache
20-Aug-2018 09:56:50.561 WARNING [localhost-startStop-1] org.apache.catalina.webresources.Cache.getResource Unable to add the resource at [/WEB-INF/lib/wsdl4j-1.6.3.jar] to the cache because there was insufficient free space available after evicting expired cache entries - consider increasing the maximum size of the cache
20-Aug-2018 09:56:50.561 WARNING [localhost-startStop-1] org.apache.catalina.webresources.Cache.getResource Unable to add the resource at [/WEB-INF/lib/xml-resolver-1.2.jar] to the cache because there was insufficient free space available after evicting expired cache entries - consider increasing the maximum size of the cache
20-Aug-2018 09:56:50.561 WARNING [localhost-startStop-1] org.apache.catalina.webresources.Cache.getResource Unable to add the resource at [/WEB-INF/lib/xmlschema-core-2.0.3.jar] to the cache because there was insufficient free space available after evicting expired cache entries - consider increasing the maximum size of the cache
20-Aug-2018 09:56:50.886 WARNING [localhost-startStop-1] org.apache.catalina.webresources.Cache.getResource Unable to add the resource at [/WEB-INF/lib/stax2-api-3.1.3.jar] to the cache because there was insufficient free space available after evicting expired cache entries - consider increasing the maximum size of the cache
20-Aug-2018 09:56:50.886 WARNING [localhost-startStop-1] org.apache.catalina.webresources.Cache.getResource Unable to add the resource at [/WEB-INF/lib/spring-jdbc-3.2.3.RELEASE.jar] to the cache because there was insufficient free space available after evicting expired cache entries - consider increasing the maximum size of the cache
20-Aug-2018 09:56:50.886 WARNING [localhost-startStop-1] org.apache.catalina.webresources.Cache.getResource Unable to add the resource at [/WEB-INF/lib/xmlschema-core-2.0.3.jar] to the cache because there was insufficient free space available after evicting expired cache entries - consider increasing the maximum size of the cache
20-Aug-2018 09:56:50.902 WARNING [localhost-startStop-1] org.apache.catalina.webresources.Cache.getResource Unable to add the resource at [/WEB-INF/lib/woodstox-core-asl-4.2.0.jar] to the cache because there was insufficient free space available after evicting expired cache entries - consider increasing the maximum size of the cache
20-Aug-2018 09:56:50.902 WARNING [localhost-startStop-1] org.apache.catalina.webresources.Cache.getResource Unable to add the resource at [/WEB-INF/lib/xml-resolver-1.2.jar] to the cache because there was insufficient free space available after evicting expired cache entries - consider increasing the maximum size of the cache
20-Aug-2018 09:56:50.902 WARNING [localhost-startStop-1] org.apache.catalina.webresources.Cache.getResource Unable to add the resource at [/WEB-INF/lib/spring-orm-4.3.4.RELEASE.jar] to the cache because there was insufficient free space available after evicting expired cache entries - consider increasing the maximum size of the cache
20-Aug-2018 09:57:13.055 INFO [localhost-startStop-1] org.apache.jasper.servlet.TldScanner.scanJars At least one JAR was scanned for TLDs yet contained no TLDs. Enable debug logging for this logger for a complete list of JARs that were scanned but no TLDs were found in them. Skipping unneeded JARs during scanning can improve startup time and JSP compilation time.
20-Aug-2018 09:59:06.716 INFO [main] org.apache.catalina.startup.VersionLoggerListener.log Server version:        Apache Tomcat/8.5.3
20-Aug-2018 09:59:06.716 INFO [main] org.apache.catalina.startup.VersionLoggerListener.log Server built:          Jun 9 2016 11:16:29 UTC
20-Aug-2018 09:59:06.716 INFO [main] org.apache.catalina.startup.VersionLoggerListener.log Server number:         8.5.3.0
20-Aug-2018 09:59:06.716 INFO [main] org.apache.catalina.startup.VersionLoggerListener.log OS Name:               Windows 8.1
20-Aug-2018 09:59:06.716 INFO [main] org.apache.catalina.startup.VersionLoggerListener.log OS Version:            6.3
20-Aug-2018 09:59:06.716 INFO [main] org.apache.catalina.startup.VersionLoggerListener.log Architecture:          amd64
20-Aug-2018 09:59:06.716 INFO [main] org.apache.catalina.startup.VersionLoggerListener.log Java Home:             D:\jdk1.8.0_121\jre
20-Aug-2018 09:59:06.716 INFO [main] org.apache.catalina.startup.VersionLoggerListener.log JVM Version:           1.8.0_121-b13
20-Aug-2018 09:59:06.716 INFO [main] org.apache.catalina.startup.VersionLoggerListener.log JVM Vendor:            Oracle Corporation
20-Aug-2018 09:59:06.716 INFO [main] org.apache.catalina.startup.VersionLoggerListener.log CATALINA_BASE:         D:\apache-tomcat-8.5.3
20-Aug-2018 09:59:06.716 INFO [main] org.apache.catalina.startup.VersionLoggerListener.log CATALINA_HOME:         D:\apache-tomcat-8.5.3
20-Aug-2018 09:59:06.716 INFO [main] org.apache.catalina.startup.VersionLoggerListener.log Command line argument: -Djdk.tls.ephemeralDHKeySize=2048
20-Aug-2018 09:59:06.716 INFO [main] org.apache.catalina.startup.VersionLoggerListener.log Command line argument: -Djava.util.logging.config.file=D:\apache-tomcat-8.5.3\conf\logging.properties
20-Aug-2018 09:59:06.716 INFO [main] org.apache.catalina.startup.VersionLoggerListener.log Command line argument: -Djava.util.logging.manager=org.apache.juli.ClassLoaderLogManager
20-Aug-2018 09:59:06.716 INFO [main] org.apache.catalina.startup.VersionLoggerListener.log Command line argument: -Dcatalina.base=D:\apache-tomcat-8.5.3
20-Aug-2018 09:59:06.716 INFO [main] org.apache.catalina.startup.VersionLoggerListener.log Command line argument: -Dcatalina.home=D:\apache-tomcat-8.5.3
20-Aug-2018 09:59:06.716 INFO [main] org.apache.catalina.startup.VersionLoggerListener.log Command line argument: -Djava.io.tmpdir=D:\apache-tomcat-8.5.3\temp
20-Aug-2018 09:59:07.138 INFO [main] org.apache.coyote.AbstractProtocol.init Initializing ProtocolHandler ["https-jsse-nio-443"]
20-Aug-2018 09:59:08.283 INFO [main] org.apache.tomcat.util.net.NioSelectorPool.getSharedSelector Using a shared selector for servlet write/read
20-Aug-2018 09:59:08.283 INFO [main] org.apache.coyote.AbstractProtocol.init Initializing ProtocolHandler ["ajp-nio-8007"]
20-Aug-2018 09:59:08.283 INFO [main] org.apache.tomcat.util.net.NioSelectorPool.getSharedSelector Using a shared selector for servlet write/read
20-Aug-2018 09:59:08.283 INFO [main] org.apache.catalina.startup.Catalina.load Initialization processed in 2604 ms
20-Aug-2018 09:59:08.377 INFO [main] org.apache.catalina.core.StandardService.startInternal Starting service Catalina
20-Aug-2018 09:59:08.377 INFO [main] org.apache.catalina.core.StandardEngine.startInternal Starting Servlet Engine: Apache Tomcat/8.5.3
20-Aug-2018 09:59:08.424 INFO [localhost-startStop-1] org.apache.catalina.startup.HostConfig.deployWAR Deploying web application archive D:\apache-tomcat-8.5.3\webapps\home.war
20-Aug-2018 09:59:08.533 WARNING [localhost-startStop-1] org.apache.catalina.webresources.Cache.getResource Unable to add the resource at [/WEB-INF/lib/spring-jdbc-3.2.3.RELEASE.jar] to the cache because there was insufficient free space available after evicting expired cache entries - consider increasing the maximum size of the cache
20-Aug-2018 09:59:08.533 WARNING [localhost-startStop-1] org.apache.catalina.webresources.Cache.getResource Unable to add the resource at [/WEB-INF/lib/spring-orm-4.3.4.RELEASE.jar] to the cache because there was insufficient free space available after evicting expired cache entries - consider increasing the maximum size of the cache
20-Aug-2018 09:59:08.533 WARNING [localhost-startStop-1] org.apache.catalina.webresources.Cache.getResource Unable to add the resource at [/WEB-INF/lib/stax2-api-3.1.3.jar] to the cache because there was insufficient free space available after evicting expired cache entries - consider increasing the maximum size of the cache
20-Aug-2018 09:59:08.533 WARNING [localhost-startStop-1] org.apache.catalina.webresources.Cache.getResource Unable to add the resource at [/WEB-INF/lib/woodstox-core-asl-4.2.0.jar] to the cache because there was insufficient free space available after evicting expired cache entries - consider increasing the maximum size of the cache
20-Aug-2018 09:59:08.533 WARNING [localhost-startStop-1] org.apache.catalina.webresources.Cache.getResource Unable to add the resource at [/WEB-INF/lib/wsdl4j-1.6.3.jar] to the cache because there was insufficient free space available after evicting expired cache entries - consider increasing the maximum size of the cache
20-Aug-2018 09:59:08.533 WARNING [localhost-startStop-1] org.apache.catalina.webresources.Cache.getResource Unable to add the resource at [/WEB-INF/lib/xml-resolver-1.2.jar] to the cache because there was insufficient free space available after evicting expired cache entries - consider increasing the maximum size of the cache
20-Aug-2018 09:59:08.533 WARNING [localhost-startStop-1] org.apache.catalina.webresources.Cache.getResource Unable to add the resource at [/WEB-INF/lib/xmlschema-core-2.0.3.jar] to the cache because there was insufficient free space available after evicting expired cache entries - consider increasing the maximum size of the cache
20-Aug-2018 09:59:09.036 WARNING [localhost-startStop-1] org.apache.catalina.webresources.Cache.getResource Unable to add the resource at [/WEB-INF/lib/spring-jdbc-3.2.3.RELEASE.jar] to the cache because there was insufficient free space available after evicting expired cache entries - consider increasing the maximum size of the cache
20-Aug-2018 09:59:09.036 WARNING [localhost-startStop-1] org.apache.catalina.webresources.Cache.getResource Unable to add the resource at [/WEB-INF/lib/spring-orm-4.3.4.RELEASE.jar] to the cache because there was insufficient free space available after evicting expired cache entries - consider increasing the maximum size of the cache
20-Aug-2018 09:59:09.036 WARNING [localhost-startStop-1] org.apache.catalina.webresources.Cache.getResource Unable to add the resource at [/WEB-INF/lib/stax2-api-3.1.3.jar] to the cache because there was insufficient free space available after evicting expired cache entries - consider increasing the maximum size of the cache
20-Aug-2018 09:59:09.036 WARNING [localhost-startStop-1] org.apache.catalina.webresources.Cache.getResource Unable to add the resource at [/WEB-INF/lib/woodstox-core-asl-4.2.0.jar] to the cache because there was insufficient free space available after evicting expired cache entries - consider increasing the maximum size of the cache
20-Aug-2018 09:59:09.036 WARNING [localhost-startStop-1] org.apache.catalina.webresources.Cache.getResource Unable to add the resource at [/WEB-INF/lib/wsdl4j-1.6.3.jar] to the cache because there was insufficient free space available after evicting expired cache entries - consider increasing the maximum size of the cache
20-Aug-2018 09:59:09.036 WARNING [localhost-startStop-1] org.apache.catalina.webresources.Cache.getResource Unable to add the resource at [/WEB-INF/lib/xml-resolver-1.2.jar] to the cache because there was insufficient free space available after evicting expired cache entries - consider increasing the maximum size of the cache
20-Aug-2018 09:59:09.036 WARNING [localhost-startStop-1] org.apache.catalina.webresources.Cache.getResource Unable to add the resource at [/WEB-INF/lib/xmlschema-core-2.0.3.jar] to the cache because there was insufficient free space available after evicting expired cache entries - consider increasing the maximum size of the cache
20-Aug-2018 09:59:09.270 WARNING [localhost-startStop-1] org.apache.catalina.webresources.Cache.getResource Unable to add the resource at [/WEB-INF/lib/stax2-api-3.1.3.jar] to the cache because there was insufficient free space available after evicting expired cache entries - consider increasing the maximum size of the cache
20-Aug-2018 09:59:09.270 WARNING [localhost-startStop-1] org.apache.catalina.webresources.Cache.getResource Unable to add the resource at [/WEB-INF/lib/spring-jdbc-3.2.3.RELEASE.jar] to the cache because there was insufficient free space available after evicting expired cache entries - consider increasing the maximum size of the cache
20-Aug-2018 09:59:09.270 WARNING [localhost-startStop-1] org.apache.catalina.webresources.Cache.getResource Unable to add the resource at [/WEB-INF/lib/xmlschema-core-2.0.3.jar] to the cache because there was insufficient free space available after evicting expired cache entries - consider increasing the maximum size of the cache
20-Aug-2018 09:59:09.270 WARNING [localhost-startStop-1] org.apache.catalina.webresources.Cache.getResource Unable to add the resource at [/WEB-INF/lib/woodstox-core-asl-4.2.0.jar] to the cache because there was insufficient free space available after evicting expired cache entries - consider increasing the maximum size of the cache
20-Aug-2018 09:59:09.286 WARNING [localhost-startStop-1] org.apache.catalina.webresources.Cache.getResource Unable to add the resource at [/WEB-INF/lib/xml-resolver-1.2.jar] to the cache because there was insufficient free space available after evicting expired cache entries - consider increasing the maximum size of the cache
20-Aug-2018 09:59:09.286 WARNING [localhost-startStop-1] org.apache.catalina.webresources.Cache.getResource Unable to add the resource at [/WEB-INF/lib/spring-orm-4.3.4.RELEASE.jar] to the cache because there was insufficient free space available after evicting expired cache entries - consider increasing the maximum size of the cache
20-Aug-2018 09:59:30.582 INFO [localhost-startStop-1] org.apache.jasper.servlet.TldScanner.scanJars At least one JAR was scanned for TLDs yet contained no TLDs. Enable debug logging for this logger for a complete list of JARs that were scanned but no TLDs were found in them. Skipping unneeded JARs during scanning can improve startup time and JSP compilation time.
20-Aug-2018 10:00:16.646 SEVERE [localhost-startStop-1] org.apache.catalina.core.StandardContext.startInternal One or more listeners failed to start. Full details will be found in the appropriate container log file
20-Aug-2018 10:00:16.677 SEVERE [localhost-startStop-1] org.apache.catalina.core.StandardContext.startInternal Context [/home] startup failed due to previous errors
20-Aug-2018 10:00:16.863 WARNING [localhost-startStop-1] org.apache.catalina.loader.WebappClassLoaderBase.clearReferencesJdbc The web application [home] registered the JDBC driver [com.mysql.jdbc.Driver] but failed to unregister it when the web application was stopped. To prevent a memory leak, the JDBC Driver has been forcibly unregistered.
20-Aug-2018 10:00:16.863 WARNING [localhost-startStop-1] org.apache.catalina.loader.WebappClassLoaderBase.clearReferencesThreads The web application [home] appears to have started a thread named [MySQL Statement Cancellation Timer] but has failed to stop it. This is very likely to create a memory leak. Stack trace of thread:
 java.lang.Object.wait(Native Method)
 java.lang.Object.wait(Object.java:502)
 java.util.TimerThread.mainLoop(Timer.java:526)
 java.util.TimerThread.run(Timer.java:505)
20-Aug-2018 10:00:16.949 INFO [localhost-startStop-1] org.apache.catalina.startup.HostConfig.deployWAR Deployment of web application archive D:\apache-tomcat-8.5.3\webapps\home.war has finished in 68,525 ms
20-Aug-2018 10:00:16.965 INFO [main] org.apache.coyote.AbstractProtocol.start Starting ProtocolHandler [https-jsse-nio-443]
20-Aug-2018 10:00:16.996 INFO [main] org.apache.coyote.AbstractProtocol.start Starting ProtocolHandler [ajp-nio-8007]
20-Aug-2018 10:00:16.996 INFO [main] org.apache.catalina.startup.Catalina.start Server startup in 68717 ms
20-Aug-2018 10:04:56.764 INFO [main] org.apache.catalina.startup.VersionLoggerListener.log Server version:        Apache Tomcat/8.5.3
20-Aug-2018 10:04:56.764 INFO [main] org.apache.catalina.startup.VersionLoggerListener.log Server built:          Jun 9 2016 11:16:29 UTC
20-Aug-2018 10:04:56.764 INFO [main] org.apache.catalina.startup.VersionLoggerListener.log Server number:         8.5.3.0
20-Aug-2018 10:04:56.764 INFO [main] org.apache.catalina.startup.VersionLoggerListener.log OS Name:               Windows 8.1
20-Aug-2018 10:04:56.764 INFO [main] org.apache.catalina.startup.VersionLoggerListener.log OS Version:            6.3
20-Aug-2018 10:04:56.764 INFO [main] org.apache.catalina.startup.VersionLoggerListener.log Architecture:          amd64
20-Aug-2018 10:04:56.764 INFO [main] org.apache.catalina.startup.VersionLoggerListener.log Java Home:             D:\jdk1.8.0_121\jre
20-Aug-2018 10:04:56.764 INFO [main] org.apache.catalina.startup.VersionLoggerListener.log JVM Version:           1.8.0_121-b13
20-Aug-2018 10:04:56.764 INFO [main] org.apache.catalina.startup.VersionLoggerListener.log JVM Vendor:            Oracle Corporation
20-Aug-2018 10:04:56.764 INFO [main] org.apache.catalina.startup.VersionLoggerListener.log CATALINA_BASE:         D:\apache-tomcat-8.5.3
20-Aug-2018 10:04:56.764 INFO [main] org.apache.catalina.startup.VersionLoggerListener.log CATALINA_HOME:         D:\apache-tomcat-8.5.3
20-Aug-2018 10:04:56.764 INFO [main] org.apache.catalina.startup.VersionLoggerListener.log Command line argument: -Djdk.tls.ephemeralDHKeySize=2048
20-Aug-2018 10:04:56.764 INFO [main] org.apache.catalina.startup.VersionLoggerListener.log Command line argument: -Djava.util.logging.config.file=D:\apache-tomcat-8.5.3\conf\logging.properties
20-Aug-2018 10:04:56.764 INFO [main] org.apache.catalina.startup.VersionLoggerListener.log Command line argument: -Djava.util.logging.manager=org.apache.juli.ClassLoaderLogManager
20-Aug-2018 10:04:56.764 INFO [main] org.apache.catalina.startup.VersionLoggerListener.log Command line argument: -Dcatalina.base=D:\apache-tomcat-8.5.3
20-Aug-2018 10:04:56.764 INFO [main] org.apache.catalina.startup.VersionLoggerListener.log Command line argument: -Dcatalina.home=D:\apache-tomcat-8.5.3
20-Aug-2018 10:04:56.764 INFO [main] org.apache.catalina.startup.VersionLoggerListener.log Command line argument: -Djava.io.tmpdir=D:\apache-tomcat-8.5.3\temp
20-Aug-2018 10:04:57.467 INFO [main] org.apache.coyote.AbstractProtocol.init Initializing ProtocolHandler ["https-jsse-nio-443"]
20-Aug-2018 10:04:58.421 INFO [main] org.apache.tomcat.util.net.NioSelectorPool.getSharedSelector Using a shared selector for servlet write/read
20-Aug-2018 10:04:58.437 INFO [main] org.apache.coyote.AbstractProtocol.init Initializing ProtocolHandler ["ajp-nio-8007"]
20-Aug-2018 10:04:58.437 INFO [main] org.apache.tomcat.util.net.NioSelectorPool.getSharedSelector Using a shared selector for servlet write/read
20-Aug-2018 10:04:58.437 INFO [main] org.apache.catalina.startup.Catalina.load Initialization processed in 2849 ms
20-Aug-2018 10:04:58.546 INFO [main] org.apache.catalina.core.StandardService.startInternal Starting service Catalina
20-Aug-2018 10:04:58.546 INFO [main] org.apache.catalina.core.StandardEngine.startInternal Starting Servlet Engine: Apache Tomcat/8.5.3
20-Aug-2018 10:04:58.609 INFO [localhost-startStop-1] org.apache.catalina.startup.HostConfig.deployWAR Deploying web application archive D:\apache-tomcat-8.5.3\webapps\home.war
20-Aug-2018 10:05:00.593 WARNING [localhost-startStop-1] org.apache.catalina.webresources.Cache.getResource Unable to add the resource at [/WEB-INF/lib/spring-jdbc-3.2.3.RELEASE.jar] to the cache because there was insufficient free space available after evicting expired cache entries - consider increasing the maximum size of the cache
20-Aug-2018 10:05:00.593 WARNING [localhost-startStop-1] org.apache.catalina.webresources.Cache.getResource Unable to add the resource at [/WEB-INF/lib/spring-orm-4.3.4.RELEASE.jar] to the cache because there was insufficient free space available after evicting expired cache entries - consider increasing the maximum size of the cache
20-Aug-2018 10:05:00.593 WARNING [localhost-startStop-1] org.apache.catalina.webresources.Cache.getResource Unable to add the resource at [/WEB-INF/lib/stax2-api-3.1.3.jar] to the cache because there was insufficient free space available after evicting expired cache entries - consider increasing the maximum size of the cache
20-Aug-2018 10:05:00.593 WARNING [localhost-startStop-1] org.apache.catalina.webresources.Cache.getResource Unable to add the resource at [/WEB-INF/lib/woodstox-core-asl-4.2.0.jar] to the cache because there was insufficient free space available after evicting expired cache entries - consider increasing the maximum size of the cache
20-Aug-2018 10:05:00.593 WARNING [localhost-startStop-1] org.apache.catalina.webresources.Cache.getResource Unable to add the resource at [/WEB-INF/lib/wsdl4j-1.6.3.jar] to the cache because there was insufficient free space available after evicting expired cache entries - consider increasing the maximum size of the cache
20-Aug-2018 10:05:00.593 WARNING [localhost-startStop-1] org.apache.catalina.webresources.Cache.getResource Unable to add the resource at [/WEB-INF/lib/xml-resolver-1.2.jar] to the cache because there was insufficient free space available after evicting expired cache entries - consider increasing the maximum size of the cache
20-Aug-2018 10:05:00.593 WARNING [localhost-startStop-1] org.apache.catalina.webresources.Cache.getResource Unable to add the resource at [/WEB-INF/lib/xmlschema-core-2.0.3.jar] to the cache because there was insufficient free space available after evicting expired cache entries - consider increasing the maximum size of the cache
20-Aug-2018 10:05:01.032 WARNING [localhost-startStop-1] org.apache.catalina.webresources.Cache.getResource Unable to add the resource at [/WEB-INF/lib/spring-jdbc-3.2.3.RELEASE.jar] to the cache because there was insufficient free space available after evicting expired cache entries - consider increasing the maximum size of the cache
20-Aug-2018 10:05:01.032 WARNING [localhost-startStop-1] org.apache.catalina.webresources.Cache.getResource Unable to add the resource at [/WEB-INF/lib/spring-orm-4.3.4.RELEASE.jar] to the cache because there was insufficient free space available after evicting expired cache entries - consider increasing the maximum size of the cache
20-Aug-2018 10:05:01.032 WARNING [localhost-startStop-1] org.apache.catalina.webresources.Cache.getResource Unable to add the resource at [/WEB-INF/lib/stax2-api-3.1.3.jar] to the cache because there was insufficient free space available after evicting expired cache entries - consider increasing the maximum size of the cache
20-Aug-2018 10:05:01.032 WARNING [localhost-startStop-1] org.apache.catalina.webresources.Cache.getResource Unable to add the resource at [/WEB-INF/lib/woodstox-core-asl-4.2.0.jar] to the cache because there was insufficient free space available after evicting expired cache entries - consider increasing the maximum size of the cache
20-Aug-2018 10:05:01.032 WARNING [localhost-startStop-1] org.apache.catalina.webresources.Cache.getResource Unable to add the resource at [/WEB-INF/lib/wsdl4j-1.6.3.jar] to the cache because there was insufficient free space available after evicting expired cache entries - consider increasing the maximum size of the cache
20-Aug-2018 10:05:01.032 WARNING [localhost-startStop-1] org.apache.catalina.webresources.Cache.getResource Unable to add the resource at [/WEB-INF/lib/xml-resolver-1.2.jar] to the cache because there was insufficient free space available after evicting expired cache entries - consider increasing the maximum size of the cache
20-Aug-2018 10:05:01.032 WARNING [localhost-startStop-1] org.apache.catalina.webresources.Cache.getResource Unable to add the resource at [/WEB-INF/lib/xmlschema-core-2.0.3.jar] to the cache because there was insufficient free space available after evicting expired cache entries - consider increasing the maximum size of the cache
20-Aug-2018 10:05:01.344 WARNING [localhost-startStop-1] org.apache.catalina.webresources.Cache.getResource Unable to add the resource at [/WEB-INF/lib/stax2-api-3.1.3.jar] to the cache because there was insufficient free space available after evicting expired cache entries - consider increasing the maximum size of the cache
20-Aug-2018 10:05:01.344 WARNING [localhost-startStop-1] org.apache.catalina.webresources.Cache.getResource Unable to add the resource at [/WEB-INF/lib/spring-jdbc-3.2.3.RELEASE.jar] to the cache because there was insufficient free space available after evicting expired cache entries - consider increasing the maximum size of the cache
20-Aug-2018 10:05:01.360 WARNING [localhost-startStop-1] org.apache.catalina.webresources.Cache.getResource Unable to add the resource at [/WEB-INF/lib/xmlschema-core-2.0.3.jar] to the cache because there was insufficient free space available after evicting expired cache entries - consider increasing the maximum size of the cache
20-Aug-2018 10:05:01.360 WARNING [localhost-startStop-1] org.apache.catalina.webresources.Cache.getResource Unable to add the resource at [/WEB-INF/lib/woodstox-core-asl-4.2.0.jar] to the cache because there was insufficient free space available after evicting expired cache entries - consider increasing the maximum size of the cache
20-Aug-2018 10:05:01.360 WARNING [localhost-startStop-1] org.apache.catalina.webresources.Cache.getResource Unable to add the resource at [/WEB-INF/lib/xml-resolver-1.2.jar] to the cache because there was insufficient free space available after evicting expired cache entries - consider increasing the maximum size of the cache
20-Aug-2018 10:05:01.360 WARNING [localhost-startStop-1] org.apache.catalina.webresources.Cache.getResource Unable to add the resource at [/WEB-INF/lib/spring-orm-4.3.4.RELEASE.jar] to the cache because there was insufficient free space available after evicting expired cache entries - consider increasing the maximum size of the cache
20-Aug-2018 10:05:17.010 INFO [localhost-startStop-1] org.apache.jasper.servlet.TldScanner.scanJars At least one JAR was scanned for TLDs yet contained no TLDs. Enable debug logging for this logger for a complete list of JARs that were scanned but no TLDs were found in them. Skipping unneeded JARs during scanning can improve startup time and JSP compilation time.
20-Aug-2018 10:05:27.577 SEVERE [localhost-startStop-1] org.apache.catalina.core.StandardContext.startInternal One or more listeners failed to start. Full details will be found in the appropriate container log file
20-Aug-2018 10:05:27.577 SEVERE [localhost-startStop-1] org.apache.catalina.core.StandardContext.startInternal Context [/home] startup failed due to previous errors
20-Aug-2018 10:05:27.670 WARNING [localhost-startStop-1] org.apache.catalina.loader.WebappClassLoaderBase.clearReferencesJdbc The web application [home] registered the JDBC driver [com.mysql.jdbc.Driver] but failed to unregister it when the web application was stopped. To prevent a memory leak, the JDBC Driver has been forcibly unregistered.
20-Aug-2018 10:05:27.670 WARNING [localhost-startStop-1] org.apache.catalina.loader.WebappClassLoaderBase.clearReferencesThreads The web application [home] appears to have started a thread named [MySQL Statement Cancellation Timer] but has failed to stop it. This is very likely to create a memory leak. Stack trace of thread:
 java.lang.Object.wait(Native Method)
 java.lang.Object.wait(Object.java:502)
 java.util.TimerThread.mainLoop(Timer.java:526)
 java.util.TimerThread.run(Timer.java:505)
20-Aug-2018 10:05:27.717 INFO [localhost-startStop-1] org.apache.catalina.startup.HostConfig.deployWAR Deployment of web application archive D:\apache-tomcat-8.5.3\webapps\home.war has finished in 29,108 ms
20-Aug-2018 10:05:27.717 INFO [main] org.apache.coyote.AbstractProtocol.start Starting ProtocolHandler [https-jsse-nio-443]
20-Aug-2018 10:05:27.733 INFO [main] org.apache.coyote.AbstractProtocol.start Starting ProtocolHandler [ajp-nio-8007]
20-Aug-2018 10:05:27.749 INFO [main] org.apache.catalina.startup.Catalina.start Server startup in 29310 ms
20-Aug-2018 11:05:52.602 INFO [main] org.apache.catalina.startup.VersionLoggerListener.log Server version:        Apache Tomcat/8.5.3
20-Aug-2018 11:05:52.602 INFO [main] org.apache.catalina.startup.VersionLoggerListener.log Server built:          Jun 9 2016 11:16:29 UTC
20-Aug-2018 11:05:52.602 INFO [main] org.apache.catalina.startup.VersionLoggerListener.log Server number:         8.5.3.0
20-Aug-2018 11:05:52.602 INFO [main] org.apache.catalina.startup.VersionLoggerListener.log OS Name:               Windows 8.1
20-Aug-2018 11:05:52.602 INFO [main] org.apache.catalina.startup.VersionLoggerListener.log OS Version:            6.3
20-Aug-2018 11:05:52.602 INFO [main] org.apache.catalina.startup.VersionLoggerListener.log Architecture:          amd64
20-Aug-2018 11:05:52.602 INFO [main] org.apache.catalina.startup.VersionLoggerListener.log Java Home:             D:\jdk1.8.0_121\jre
20-Aug-2018 11:05:52.602 INFO [main] org.apache.catalina.startup.VersionLoggerListener.log JVM Version:           1.8.0_121-b13
20-Aug-2018 11:05:52.602 INFO [main] org.apache.catalina.startup.VersionLoggerListener.log JVM Vendor:            Oracle Corporation
20-Aug-2018 11:05:52.602 INFO [main] org.apache.catalina.startup.VersionLoggerListener.log CATALINA_BASE:         D:\apache-tomcat-8.5.3
20-Aug-2018 11:05:52.618 INFO [main] org.apache.catalina.startup.VersionLoggerListener.log CATALINA_HOME:         D:\apache-tomcat-8.5.3
20-Aug-2018 11:05:52.618 INFO [main] org.apache.catalina.startup.VersionLoggerListener.log Command line argument: -Djdk.tls.ephemeralDHKeySize=2048
20-Aug-2018 11:05:52.618 INFO [main] org.apache.catalina.startup.VersionLoggerListener.log Command line argument: -Djava.util.logging.config.file=D:\apache-tomcat-8.5.3\conf\logging.properties
20-Aug-2018 11:05:52.618 INFO [main] org.apache.catalina.startup.VersionLoggerListener.log Command line argument: -Djava.util.logging.manager=org.apache.juli.ClassLoaderLogManager
20-Aug-2018 11:05:52.618 INFO [main] org.apache.catalina.startup.VersionLoggerListener.log Command line argument: -Dcatalina.base=D:\apache-tomcat-8.5.3
20-Aug-2018 11:05:52.618 INFO [main] org.apache.catalina.startup.VersionLoggerListener.log Command line argument: -Dcatalina.home=D:\apache-tomcat-8.5.3
20-Aug-2018 11:05:52.618 INFO [main] org.apache.catalina.startup.VersionLoggerListener.log Command line argument: -Djava.io.tmpdir=D:\apache-tomcat-8.5.3\temp
20-Aug-2018 11:05:54.040 INFO [main] org.apache.coyote.AbstractProtocol.init Initializing ProtocolHandler ["https-jsse-nio-443"]
20-Aug-2018 11:05:55.399 INFO [main] org.apache.tomcat.util.net.NioSelectorPool.getSharedSelector Using a shared selector for servlet write/read
20-Aug-2018 11:05:55.399 INFO [main] org.apache.coyote.AbstractProtocol.init Initializing ProtocolHandler ["ajp-nio-8007"]
20-Aug-2018 11:05:55.415 INFO [main] org.apache.tomcat.util.net.NioSelectorPool.getSharedSelector Using a shared selector for servlet write/read
20-Aug-2018 11:05:55.415 INFO [main] org.apache.catalina.startup.Catalina.load Initialization processed in 16835 ms
20-Aug-2018 11:05:55.508 INFO [main] org.apache.catalina.core.StandardService.startInternal Starting service Catalina
20-Aug-2018 11:05:55.508 INFO [main] org.apache.catalina.core.StandardEngine.startInternal Starting Servlet Engine: Apache Tomcat/8.5.3
20-Aug-2018 11:05:55.602 INFO [localhost-startStop-1] org.apache.catalina.startup.HostConfig.deployWAR Deploying web application archive D:\apache-tomcat-8.5.3\webapps\home.war
20-Aug-2018 11:05:57.540 WARNING [localhost-startStop-1] org.apache.catalina.webresources.Cache.getResource Unable to add the resource at [/WEB-INF/lib/spring-jdbc-3.2.3.RELEASE.jar] to the cache because there was insufficient free space available after evicting expired cache entries - consider increasing the maximum size of the cache
20-Aug-2018 11:05:57.540 WARNING [localhost-startStop-1] org.apache.catalina.webresources.Cache.getResource Unable to add the resource at [/WEB-INF/lib/spring-orm-4.3.4.RELEASE.jar] to the cache because there was insufficient free space available after evicting expired cache entries - consider increasing the maximum size of the cache
20-Aug-2018 11:05:57.555 WARNING [localhost-startStop-1] org.apache.catalina.webresources.Cache.getResource Unable to add the resource at [/WEB-INF/lib/stax2-api-3.1.3.jar] to the cache because there was insufficient free space available after evicting expired cache entries - consider increasing the maximum size of the cache
20-Aug-2018 11:05:57.555 WARNING [localhost-startStop-1] org.apache.catalina.webresources.Cache.getResource Unable to add the resource at [/WEB-INF/lib/woodstox-core-asl-4.2.0.jar] to the cache because there was insufficient free space available after evicting expired cache entries - consider increasing the maximum size of the cache
20-Aug-2018 11:05:57.555 WARNING [localhost-startStop-1] org.apache.catalina.webresources.Cache.getResource Unable to add the resource at [/WEB-INF/lib/wsdl4j-1.6.3.jar] to the cache because there was insufficient free space available after evicting expired cache entries - consider increasing the maximum size of the cache
20-Aug-2018 11:05:57.555 WARNING [localhost-startStop-1] org.apache.catalina.webresources.Cache.getResource Unable to add the resource at [/WEB-INF/lib/xml-resolver-1.2.jar] to the cache because there was insufficient free space available after evicting expired cache entries - consider increasing the maximum size of the cache
20-Aug-2018 11:05:57.555 WARNING [localhost-startStop-1] org.apache.catalina.webresources.Cache.getResource Unable to add the resource at [/WEB-INF/lib/xmlschema-core-2.0.3.jar] to the cache because there was insufficient free space available after evicting expired cache entries - consider increasing the maximum size of the cache
20-Aug-2018 11:05:57.961 WARNING [localhost-startStop-1] org.apache.catalina.webresources.Cache.getResource Unable to add the resource at [/WEB-INF/lib/spring-jdbc-3.2.3.RELEASE.jar] to the cache because there was insufficient free space available after evicting expired cache entries - consider increasing the maximum size of the cache
20-Aug-2018 11:05:57.961 WARNING [localhost-startStop-1] org.apache.catalina.webresources.Cache.getResource Unable to add the resource at [/WEB-INF/lib/spring-orm-4.3.4.RELEASE.jar] to the cache because there was insufficient free space available after evicting expired cache entries - consider increasing the maximum size of the cache
20-Aug-2018 11:05:57.961 WARNING [localhost-startStop-1] org.apache.catalina.webresources.Cache.getResource Unable to add the resource at [/WEB-INF/lib/stax2-api-3.1.3.jar] to the cache because there was insufficient free space available after evicting expired cache entries - consider increasing the maximum size of the cache
20-Aug-2018 11:05:57.961 WARNING [localhost-startStop-1] org.apache.catalina.webresources.Cache.getResource Unable to add the resource at [/WEB-INF/lib/woodstox-core-asl-4.2.0.jar] to the cache because there was insufficient free space available after evicting expired cache entries - consider increasing the maximum size of the cache
20-Aug-2018 11:05:57.977 WARNING [localhost-startStop-1] org.apache.catalina.webresources.Cache.getResource Unable to add the resource at [/WEB-INF/lib/wsdl4j-1.6.3.jar] to the cache because there was insufficient free space available after evicting expired cache entries - consider increasing the maximum size of the cache
20-Aug-2018 11:05:57.977 WARNING [localhost-startStop-1] org.apache.catalina.webresources.Cache.getResource Unable to add the resource at [/WEB-INF/lib/xml-resolver-1.2.jar] to the cache because there was insufficient free space available after evicting expired cache entries - consider increasing the maximum size of the cache
20-Aug-2018 11:05:57.977 WARNING [localhost-startStop-1] org.apache.catalina.webresources.Cache.getResource Unable to add the resource at [/WEB-INF/lib/xmlschema-core-2.0.3.jar] to the cache because there was insufficient free space available after evicting expired cache entries - consider increasing the maximum size of the cache
20-Aug-2018 11:05:58.508 WARNING [localhost-startStop-1] org.apache.catalina.webresources.Cache.getResource Unable to add the resource at [/WEB-INF/lib/stax2-api-3.1.3.jar] to the cache because there was insufficient free space available after evicting expired cache entries - consider increasing the maximum size of the cache
20-Aug-2018 11:05:58.508 WARNING [localhost-startStop-1] org.apache.catalina.webresources.Cache.getResource Unable to add the resource at [/WEB-INF/lib/spring-jdbc-3.2.3.RELEASE.jar] to the cache because there was insufficient free space available after evicting expired cache entries - consider increasing the maximum size of the cache
20-Aug-2018 11:05:58.508 WARNING [localhost-startStop-1] org.apache.catalina.webresources.Cache.getResource Unable to add the resource at [/WEB-INF/lib/xmlschema-core-2.0.3.jar] to the cache because there was insufficient free space available after evicting expired cache entries - consider increasing the maximum size of the cache
20-Aug-2018 11:05:58.508 WARNING [localhost-startStop-1] org.apache.catalina.webresources.Cache.getResource Unable to add the resource at [/WEB-INF/lib/woodstox-core-asl-4.2.0.jar] to the cache because there was insufficient free space available after evicting expired cache entries - consider increasing the maximum size of the cache
20-Aug-2018 11:05:58.508 WARNING [localhost-startStop-1] org.apache.catalina.webresources.Cache.getResource Unable to add the resource at [/WEB-INF/lib/xml-resolver-1.2.jar] to the cache because there was insufficient free space available after evicting expired cache entries - consider increasing the maximum size of the cache
20-Aug-2018 11:05:58.508 WARNING [localhost-startStop-1] org.apache.catalina.webresources.Cache.getResource Unable to add the resource at [/WEB-INF/lib/spring-orm-4.3.4.RELEASE.jar] to the cache because there was insufficient free space available after evicting expired cache entries - consider increasing the maximum size of the cache
20-Aug-2018 11:06:09.274 INFO [localhost-startStop-1] org.apache.jasper.servlet.TldScanner.scanJars At least one JAR was scanned for TLDs yet contained no TLDs. Enable debug logging for this logger for a complete list of JARs that were scanned but no TLDs were found in them. Skipping unneeded JARs during scanning can improve startup time and JSP compilation time.
20-Aug-2018 11:06:19.087 INFO [localhost-startStop-1] org.apache.catalina.startup.HostConfig.deployWAR Deployment of web application archive D:\apache-tomcat-8.5.3\webapps\home.war has finished in 23,469 ms
20-Aug-2018 11:06:19.087 INFO [main] org.apache.coyote.AbstractProtocol.start Starting ProtocolHandler [https-jsse-nio-443]
20-Aug-2018 11:06:19.102 INFO [main] org.apache.coyote.AbstractProtocol.start Starting ProtocolHandler [ajp-nio-8007]
20-Aug-2018 11:06:19.102 INFO [main] org.apache.catalina.startup.Catalina.start Server startup in 23697 ms
20-Aug-2018 11:15:33.520 INFO [main] org.apache.catalina.startup.VersionLoggerListener.log Server version:        Apache Tomcat/8.5.3
20-Aug-2018 11:15:33.520 INFO [main] org.apache.catalina.startup.VersionLoggerListener.log Server built:          Jun 9 2016 11:16:29 UTC
20-Aug-2018 11:15:33.520 INFO [main] org.apache.catalina.startup.VersionLoggerListener.log Server number:         8.5.3.0
20-Aug-2018 11:15:33.520 INFO [main] org.apache.catalina.startup.VersionLoggerListener.log OS Name:               Windows 8.1
20-Aug-2018 11:15:33.520 INFO [main] org.apache.catalina.startup.VersionLoggerListener.log OS Version:            6.3
20-Aug-2018 11:15:33.520 INFO [main] org.apache.catalina.startup.VersionLoggerListener.log Architecture:          amd64
20-Aug-2018 11:15:33.520 INFO [main] org.apache.catalina.startup.VersionLoggerListener.log Java Home:             D:\jdk1.8.0_121\jre
20-Aug-2018 11:15:33.520 INFO [main] org.apache.catalina.startup.VersionLoggerListener.log JVM Version:           1.8.0_121-b13
20-Aug-2018 11:15:33.520 INFO [main] org.apache.catalina.startup.VersionLoggerListener.log JVM Vendor:            Oracle Corporation
20-Aug-2018 11:15:33.520 INFO [main] org.apache.catalina.startup.VersionLoggerListener.log CATALINA_BASE:         D:\apache-tomcat-8.5.3
20-Aug-2018 11:15:33.520 INFO [main] org.apache.catalina.startup.VersionLoggerListener.log CATALINA_HOME:         D:\apache-tomcat-8.5.3
20-Aug-2018 11:15:33.536 INFO [main] org.apache.catalina.startup.VersionLoggerListener.log Command line argument: -Djdk.tls.ephemeralDHKeySize=2048
20-Aug-2018 11:15:33.536 INFO [main] org.apache.catalina.startup.VersionLoggerListener.log Command line argument: -Djava.util.logging.config.file=D:\apache-tomcat-8.5.3\conf\logging.properties
20-Aug-2018 11:15:33.536 INFO [main] org.apache.catalina.startup.VersionLoggerListener.log Command line argument: -Djava.util.logging.manager=org.apache.juli.ClassLoaderLogManager
20-Aug-2018 11:15:33.536 INFO [main] org.apache.catalina.startup.VersionLoggerListener.log Command line argument: -Dcatalina.base=D:\apache-tomcat-8.5.3
20-Aug-2018 11:15:33.536 INFO [main] org.apache.catalina.startup.VersionLoggerListener.log Command line argument: -Dcatalina.home=D:\apache-tomcat-8.5.3
20-Aug-2018 11:15:33.536 INFO [main] org.apache.catalina.startup.VersionLoggerListener.log Command line argument: -Djava.io.tmpdir=D:\apache-tomcat-8.5.3\temp
20-Aug-2018 11:15:34.113 INFO [main] org.apache.coyote.AbstractProtocol.init Initializing ProtocolHandler ["https-jsse-nio-443"]
20-Aug-2018 11:15:35.072 INFO [main] org.apache.tomcat.util.net.NioSelectorPool.getSharedSelector Using a shared selector for servlet write/read
20-Aug-2018 11:15:35.088 INFO [main] org.apache.coyote.AbstractProtocol.init Initializing ProtocolHandler ["ajp-nio-8007"]
20-Aug-2018 11:15:35.088 INFO [main] org.apache.tomcat.util.net.NioSelectorPool.getSharedSelector Using a shared selector for servlet write/read
20-Aug-2018 11:15:35.088 INFO [main] org.apache.catalina.startup.Catalina.load Initialization processed in 2701 ms
20-Aug-2018 11:15:35.166 INFO [main] org.apache.catalina.core.StandardService.startInternal Starting service Catalina
20-Aug-2018 11:15:35.166 INFO [main] org.apache.catalina.core.StandardEngine.startInternal Starting Servlet Engine: Apache Tomcat/8.5.3
20-Aug-2018 11:15:35.197 INFO [localhost-startStop-1] org.apache.catalina.startup.HostConfig.deployDirectory Deploying web application directory D:\apache-tomcat-8.5.3\webapps\home
20-Aug-2018 11:15:35.275 WARNING [localhost-startStop-1] org.apache.catalina.webresources.Cache.getResource Unable to add the resource at [/WEB-INF/lib/spring-jdbc-3.2.3.RELEASE.jar] to the cache because there was insufficient free space available after evicting expired cache entries - consider increasing the maximum size of the cache
20-Aug-2018 11:15:35.275 WARNING [localhost-startStop-1] org.apache.catalina.webresources.Cache.getResource Unable to add the resource at [/WEB-INF/lib/spring-orm-4.3.4.RELEASE.jar] to the cache because there was insufficient free space available after evicting expired cache entries - consider increasing the maximum size of the cache
20-Aug-2018 11:15:35.275 WARNING [localhost-startStop-1] org.apache.catalina.webresources.Cache.getResource Unable to add the resource at [/WEB-INF/lib/stax2-api-3.1.3.jar] to the cache because there was insufficient free space available after evicting expired cache entries - consider increasing the maximum size of the cache
20-Aug-2018 11:15:35.275 WARNING [localhost-startStop-1] org.apache.catalina.webresources.Cache.getResource Unable to add the resource at [/WEB-INF/lib/woodstox-core-asl-4.2.0.jar] to the cache because there was insufficient free space available after evicting expired cache entries - consider increasing the maximum size of the cache
20-Aug-2018 11:15:35.275 WARNING [localhost-startStop-1] org.apache.catalina.webresources.Cache.getResource Unable to add the resource at [/WEB-INF/lib/wsdl4j-1.6.3.jar] to the cache because there was insufficient free space available after evicting expired cache entries - consider increasing the maximum size of the cache
20-Aug-2018 11:15:35.275 WARNING [localhost-startStop-1] org.apache.catalina.webresources.Cache.getResource Unable to add the resource at [/WEB-INF/lib/xml-resolver-1.2.jar] to the cache because there was insufficient free space available after evicting expired cache entries - consider increasing the maximum size of the cache
20-Aug-2018 11:15:35.275 WARNING [localhost-startStop-1] org.apache.catalina.webresources.Cache.getResource Unable to add the resource at [/WEB-INF/lib/xmlschema-core-2.0.3.jar] to the cache because there was insufficient free space available after evicting expired cache entries - consider increasing the maximum size of the cache
20-Aug-2018 11:15:38.500 WARNING [localhost-startStop-1] org.apache.catalina.webresources.Cache.getResource Unable to add the resource at [/WEB-INF/lib/spring-jdbc-3.2.3.RELEASE.jar] to the cache because there was insufficient free space available after evicting expired cache entries - consider increasing the maximum size of the cache
20-Aug-2018 11:15:38.500 WARNING [localhost-startStop-1] org.apache.catalina.webresources.Cache.getResource Unable to add the resource at [/WEB-INF/lib/spring-orm-4.3.4.RELEASE.jar] to the cache because there was insufficient free space available after evicting expired cache entries - consider increasing the maximum size of the cache
20-Aug-2018 11:15:38.500 WARNING [localhost-startStop-1] org.apache.catalina.webresources.Cache.getResource Unable to add the resource at [/WEB-INF/lib/stax2-api-3.1.3.jar] to the cache because there was insufficient free space available after evicting expired cache entries - consider increasing the maximum size of the cache
20-Aug-2018 11:15:38.500 WARNING [localhost-startStop-1] org.apache.catalina.webresources.Cache.getResource Unable to add the resource at [/WEB-INF/lib/woodstox-core-asl-4.2.0.jar] to the cache because there was insufficient free space available after evicting expired cache entries - consider increasing the maximum size of the cache
20-Aug-2018 11:15:38.500 WARNING [localhost-startStop-1] org.apache.catalina.webresources.Cache.getResource Unable to add the resource at [/WEB-INF/lib/wsdl4j-1.6.3.jar] to the cache because there was insufficient free space available after evicting expired cache entries - consider increasing the maximum size of the cache
20-Aug-2018 11:15:38.516 WARNING [localhost-startStop-1] org.apache.catalina.webresources.Cache.getResource Unable to add the resource at [/WEB-INF/lib/xml-resolver-1.2.jar] to the cache because there was insufficient free space available after evicting expired cache entries - consider increasing the maximum size of the cache
20-Aug-2018 11:15:38.516 WARNING [localhost-startStop-1] org.apache.catalina.webresources.Cache.getResource Unable to add the resource at [/WEB-INF/lib/xmlschema-core-2.0.3.jar] to the cache because there was insufficient free space available after evicting expired cache entries - consider increasing the maximum size of the cache
20-Aug-2018 11:15:38.782 WARNING [localhost-startStop-1] org.apache.catalina.webresources.Cache.getResource Unable to add the resource at [/WEB-INF/lib/stax2-api-3.1.3.jar] to the cache because there was insufficient free space available after evicting expired cache entries - consider increasing the maximum size of the cache
20-Aug-2018 11:15:38.782 WARNING [localhost-startStop-1] org.apache.catalina.webresources.Cache.getResource Unable to add the resource at [/WEB-INF/lib/spring-jdbc-3.2.3.RELEASE.jar] to the cache because there was insufficient free space available after evicting expired cache entries - consider increasing the maximum size of the cache
20-Aug-2018 11:15:38.782 WARNING [localhost-startStop-1] org.apache.catalina.webresources.Cache.getResource Unable to add the resource at [/WEB-INF/lib/xmlschema-core-2.0.3.jar] to the cache because there was insufficient free space available after evicting expired cache entries - consider increasing the maximum size of the cache
20-Aug-2018 11:15:38.782 WARNING [localhost-startStop-1] org.apache.catalina.webresources.Cache.getResource Unable to add the resource at [/WEB-INF/lib/woodstox-core-asl-4.2.0.jar] to the cache because there was insufficient free space available after evicting expired cache entries - consider increasing the maximum size of the cache
20-Aug-2018 11:15:38.782 WARNING [localhost-startStop-1] org.apache.catalina.webresources.Cache.getResource Unable to add the resource at [/WEB-INF/lib/xml-resolver-1.2.jar] to the cache because there was insufficient free space available after evicting expired cache entries - consider increasing the maximum size of the cache
20-Aug-2018 11:15:38.797 WARNING [localhost-startStop-1] org.apache.catalina.webresources.Cache.getResource Unable to add the resource at [/WEB-INF/lib/spring-orm-4.3.4.RELEASE.jar] to the cache because there was insufficient free space available after evicting expired cache entries - consider increasing the maximum size of the cache
20-Aug-2018 11:15:49.959 INFO [localhost-startStop-1] org.apache.jasper.servlet.TldScanner.scanJars At least one JAR was scanned for TLDs yet contained no TLDs. Enable debug logging for this logger for a complete list of JARs that were scanned but no TLDs were found in them. Skipping unneeded JARs during scanning can improve startup time and JSP compilation time.
20-Aug-2018 11:16:06.545 INFO [localhost-startStop-1] org.apache.catalina.startup.HostConfig.deployDirectory Deployment of web application directory D:\apache-tomcat-8.5.3\webapps\home has finished in 31,348 ms
20-Aug-2018 11:16:06.545 INFO [main] org.apache.coyote.AbstractProtocol.start Starting ProtocolHandler [https-jsse-nio-443]
20-Aug-2018 11:16:06.576 INFO [main] org.apache.coyote.AbstractProtocol.start Starting ProtocolHandler [ajp-nio-8007]
20-Aug-2018 11:16:06.576 INFO [main] org.apache.catalina.startup.Catalina.start Server startup in 31491 ms
20-Aug-2018 11:23:15.893 INFO [main] org.apache.catalina.startup.VersionLoggerListener.log Server version:        Apache Tomcat/8.5.3
20-Aug-2018 11:23:15.894 INFO [main] org.apache.catalina.startup.VersionLoggerListener.log Server built:          Jun 9 2016 11:16:29 UTC
20-Aug-2018 11:23:15.895 INFO [main] org.apache.catalina.startup.VersionLoggerListener.log Server number:         8.5.3.0
20-Aug-2018 11:23:15.895 INFO [main] org.apache.catalina.startup.VersionLoggerListener.log OS Name:               Windows 8.1
20-Aug-2018 11:23:15.895 INFO [main] org.apache.catalina.startup.VersionLoggerListener.log OS Version:            6.3
20-Aug-2018 11:23:15.896 INFO [main] org.apache.catalina.startup.VersionLoggerListener.log Architecture:          amd64
20-Aug-2018 11:23:15.896 INFO [main] org.apache.catalina.startup.VersionLoggerListener.log Java Home:             D:\jdk1.8.0_121\jre
20-Aug-2018 11:23:15.896 INFO [main] org.apache.catalina.startup.VersionLoggerListener.log JVM Version:           1.8.0_121-b13
20-Aug-2018 11:23:15.896 INFO [main] org.apache.catalina.startup.VersionLoggerListener.log JVM Vendor:            Oracle Corporation
20-Aug-2018 11:23:15.896 INFO [main] org.apache.catalina.startup.VersionLoggerListener.log CATALINA_BASE:         D:\apache-tomcat-8.5.3
20-Aug-2018 11:23:15.896 INFO [main] org.apache.catalina.startup.VersionLoggerListener.log CATALINA_HOME:         D:\apache-tomcat-8.5.3
20-Aug-2018 11:23:15.896 INFO [main] org.apache.catalina.startup.VersionLoggerListener.log Command line argument: -Djdk.tls.ephemeralDHKeySize=2048
20-Aug-2018 11:23:15.897 INFO [main] org.apache.catalina.startup.VersionLoggerListener.log Command line argument: -Djava.util.logging.config.file=D:\apache-tomcat-8.5.3\conf\logging.properties
20-Aug-2018 11:23:15.897 INFO [main] org.apache.catalina.startup.VersionLoggerListener.log Command line argument: -Djava.util.logging.manager=org.apache.juli.ClassLoaderLogManager
20-Aug-2018 11:23:15.897 INFO [main] org.apache.catalina.startup.VersionLoggerListener.log Command line argument: -Dcatalina.base=D:\apache-tomcat-8.5.3
20-Aug-2018 11:23:15.897 INFO [main] org.apache.catalina.startup.VersionLoggerListener.log Command line argument: -Dcatalina.home=D:\apache-tomcat-8.5.3
20-Aug-2018 11:23:15.897 INFO [main] org.apache.catalina.startup.VersionLoggerListener.log Command line argument: -Djava.io.tmpdir=D:\apache-tomcat-8.5.3\temp
20-Aug-2018 11:23:16.543 INFO [main] org.apache.coyote.AbstractProtocol.init Initializing ProtocolHandler ["https-jsse-nio-443"]
20-Aug-2018 11:23:17.906 INFO [main] org.apache.tomcat.util.net.NioSelectorPool.getSharedSelector Using a shared selector for servlet write/read
20-Aug-2018 11:23:17.909 INFO [main] org.apache.coyote.AbstractProtocol.init Initializing ProtocolHandler ["ajp-nio-8007"]
20-Aug-2018 11:23:17.912 INFO [main] org.apache.tomcat.util.net.NioSelectorPool.getSharedSelector Using a shared selector for servlet write/read
20-Aug-2018 11:23:17.913 INFO [main] org.apache.catalina.startup.Catalina.load Initialization processed in 3263 ms
20-Aug-2018 11:23:17.985 INFO [main] org.apache.catalina.core.StandardService.startInternal Starting service Catalina
20-Aug-2018 11:23:17.986 INFO [main] org.apache.catalina.core.StandardEngine.startInternal Starting Servlet Engine: Apache Tomcat/8.5.3
20-Aug-2018 11:23:18.009 INFO [localhost-startStop-1] org.apache.catalina.startup.HostConfig.deployDirectory Deploying web application directory D:\apache-tomcat-8.5.3\webapps\home
20-Aug-2018 11:23:18.115 WARNING [localhost-startStop-1] org.apache.catalina.webresources.Cache.getResource Unable to add the resource at [/WEB-INF/lib/spring-jdbc-3.2.3.RELEASE.jar] to the cache because there was insufficient free space available after evicting expired cache entries - consider increasing the maximum size of the cache
20-Aug-2018 11:23:18.116 WARNING [localhost-startStop-1] org.apache.catalina.webresources.Cache.getResource Unable to add the resource at [/WEB-INF/lib/spring-orm-4.3.4.RELEASE.jar] to the cache because there was insufficient free space available after evicting expired cache entries - consider increasing the maximum size of the cache
20-Aug-2018 11:23:18.118 WARNING [localhost-startStop-1] org.apache.catalina.webresources.Cache.getResource Unable to add the resource at [/WEB-INF/lib/stax2-api-3.1.3.jar] to the cache because there was insufficient free space available after evicting expired cache entries - consider increasing the maximum size of the cache
20-Aug-2018 11:23:18.119 WARNING [localhost-startStop-1] org.apache.catalina.webresources.Cache.getResource Unable to add the resource at [/WEB-INF/lib/woodstox-core-asl-4.2.0.jar] to the cache because there was insufficient free space available after evicting expired cache entries - consider increasing the maximum size of the cache
20-Aug-2018 11:23:18.120 WARNING [localhost-startStop-1] org.apache.catalina.webresources.Cache.getResource Unable to add the resource at [/WEB-INF/lib/wsdl4j-1.6.3.jar] to the cache because there was insufficient free space available after evicting expired cache entries - consider increasing the maximum size of the cache
20-Aug-2018 11:23:18.120 WARNING [localhost-startStop-1] org.apache.catalina.webresources.Cache.getResource Unable to add the resource at [/WEB-INF/lib/xml-resolver-1.2.jar] to the cache because there was insufficient free space available after evicting expired cache entries - consider increasing the maximum size of the cache
20-Aug-2018 11:23:18.121 WARNING [localhost-startStop-1] org.apache.catalina.webresources.Cache.getResource Unable to add the resource at [/WEB-INF/lib/xmlschema-core-2.0.3.jar] to the cache because there was insufficient free space available after evicting expired cache entries - consider increasing the maximum size of the cache
20-Aug-2018 11:23:24.105 WARNING [localhost-startStop-1] org.apache.catalina.webresources.Cache.getResource Unable to add the resource at [/WEB-INF/lib/spring-jdbc-3.2.3.RELEASE.jar] to the cache because there was insufficient free space available after evicting expired cache entries - consider increasing the maximum size of the cache
20-Aug-2018 11:23:24.105 WARNING [localhost-startStop-1] org.apache.catalina.webresources.Cache.getResource Unable to add the resource at [/WEB-INF/lib/spring-orm-4.3.4.RELEASE.jar] to the cache because there was insufficient free space available after evicting expired cache entries - consider increasing the maximum size of the cache
20-Aug-2018 11:23:24.107 WARNING [localhost-startStop-1] org.apache.catalina.webresources.Cache.getResource Unable to add the resource at [/WEB-INF/lib/stax2-api-3.1.3.jar] to the cache because there was insufficient free space available after evicting expired cache entries - consider increasing the maximum size of the cache
20-Aug-2018 11:23:24.107 WARNING [localhost-startStop-1] org.apache.catalina.webresources.Cache.getResource Unable to add the resource at [/WEB-INF/lib/woodstox-core-asl-4.2.0.jar] to the cache because there was insufficient free space available after evicting expired cache entries - consider increasing the maximum size of the cache
20-Aug-2018 11:23:24.108 WARNING [localhost-startStop-1] org.apache.catalina.webresources.Cache.getResource Unable to add the resource at [/WEB-INF/lib/wsdl4j-1.6.3.jar] to the cache because there was insufficient free space available after evicting expired cache entries - consider increasing the maximum size of the cache
20-Aug-2018 11:23:24.108 WARNING [localhost-startStop-1] org.apache.catalina.webresources.Cache.getResource Unable to add the resource at [/WEB-INF/lib/xml-resolver-1.2.jar] to the cache because there was insufficient free space available after evicting expired cache entries - consider increasing the maximum size of the cache
20-Aug-2018 11:23:24.109 WARNING [localhost-startStop-1] org.apache.catalina.webresources.Cache.getResource Unable to add the resource at [/WEB-INF/lib/xmlschema-core-2.0.3.jar] to the cache because there was insufficient free space available after evicting expired cache entries - consider increasing the maximum size of the cache
20-Aug-2018 11:23:24.755 WARNING [localhost-startStop-1] org.apache.catalina.webresources.Cache.getResource Unable to add the resource at [/WEB-INF/lib/stax2-api-3.1.3.jar] to the cache because there was insufficient free space available after evicting expired cache entries - consider increasing the maximum size of the cache
20-Aug-2018 11:23:24.757 WARNING [localhost-startStop-1] org.apache.catalina.webresources.Cache.getResource Unable to add the resource at [/WEB-INF/lib/spring-jdbc-3.2.3.RELEASE.jar] to the cache because there was insufficient free space available after evicting expired cache entries - consider increasing the maximum size of the cache
20-Aug-2018 11:23:24.761 WARNING [localhost-startStop-1] org.apache.catalina.webresources.Cache.getResource Unable to add the resource at [/WEB-INF/lib/xmlschema-core-2.0.3.jar] to the cache because there was insufficient free space available after evicting expired cache entries - consider increasing the maximum size of the cache
20-Aug-2018 11:23:24.763 WARNING [localhost-startStop-1] org.apache.catalina.webresources.Cache.getResource Unable to add the resource at [/WEB-INF/lib/woodstox-core-asl-4.2.0.jar] to the cache because there was insufficient free space available after evicting expired cache entries - consider increasing the maximum size of the cache
20-Aug-2018 11:23:24.765 WARNING [localhost-startStop-1] org.apache.catalina.webresources.Cache.getResource Unable to add the resource at [/WEB-INF/lib/xml-resolver-1.2.jar] to the cache because there was insufficient free space available after evicting expired cache entries - consider increasing the maximum size of the cache
20-Aug-2018 11:23:24.768 WARNING [localhost-startStop-1] org.apache.catalina.webresources.Cache.getResource Unable to add the resource at [/WEB-INF/lib/spring-orm-4.3.4.RELEASE.jar] to the cache because there was insufficient free space available after evicting expired cache entries - consider increasing the maximum size of the cache
20-Aug-2018 11:23:54.607 INFO [localhost-startStop-1] org.apache.jasper.servlet.TldScanner.scanJars At least one JAR was scanned for TLDs yet contained no TLDs. Enable debug logging for this logger for a complete list of JARs that were scanned but no TLDs were found in them. Skipping unneeded JARs during scanning can improve startup time and JSP compilation time.
20-Aug-2018 11:24:23.206 INFO [localhost-startStop-1] org.apache.catalina.startup.HostConfig.deployDirectory Deployment of web application directory D:\apache-tomcat-8.5.3\webapps\home has finished in 65,184 ms
20-Aug-2018 11:24:23.228 INFO [main] org.apache.coyote.AbstractProtocol.start Starting ProtocolHandler [https-jsse-nio-443]
20-Aug-2018 11:24:23.254 INFO [main] org.apache.coyote.AbstractProtocol.start Starting ProtocolHandler [ajp-nio-8007]
20-Aug-2018 11:24:23.262 INFO [main] org.apache.catalina.startup.Catalina.start Server startup in 65348 ms
20-Aug-2018 11:46:39.695 INFO [main] org.apache.catalina.startup.VersionLoggerListener.log Server version:        Apache Tomcat/8.5.3
20-Aug-2018 11:46:39.697 INFO [main] org.apache.catalina.startup.VersionLoggerListener.log Server built:          Jun 9 2016 11:16:29 UTC
20-Aug-2018 11:46:39.697 INFO [main] org.apache.catalina.startup.VersionLoggerListener.log Server number:         8.5.3.0
20-Aug-2018 11:46:39.697 INFO [main] org.apache.catalina.startup.VersionLoggerListener.log OS Name:               Windows 8.1
20-Aug-2018 11:46:39.698 INFO [main] org.apache.catalina.startup.VersionLoggerListener.log OS Version:            6.3
20-Aug-2018 11:46:39.698 INFO [main] org.apache.catalina.startup.VersionLoggerListener.log Architecture:          amd64
20-Aug-2018 11:46:39.698 INFO [main] org.apache.catalina.startup.VersionLoggerListener.log Java Home:             D:\jdk1.8.0_121\jre
20-Aug-2018 11:46:39.698 INFO [main] org.apache.catalina.startup.VersionLoggerListener.log JVM Version:           1.8.0_121-b13
20-Aug-2018 11:46:39.698 INFO [main] org.apache.catalina.startup.VersionLoggerListener.log JVM Vendor:            Oracle Corporation
20-Aug-2018 11:46:39.699 INFO [main] org.apache.catalina.startup.VersionLoggerListener.log CATALINA_BASE:         D:\apache-tomcat-8.5.3
20-Aug-2018 11:46:39.699 INFO [main] org.apache.catalina.startup.VersionLoggerListener.log CATALINA_HOME:         D:\apache-tomcat-8.5.3
20-Aug-2018 11:46:39.699 INFO [main] org.apache.catalina.startup.VersionLoggerListener.log Command line argument: -Djdk.tls.ephemeralDHKeySize=2048
20-Aug-2018 11:46:39.700 INFO [main] org.apache.catalina.startup.VersionLoggerListener.log Command line argument: -Djava.util.logging.config.file=D:\apache-tomcat-8.5.3\conf\logging.properties
20-Aug-2018 11:46:39.700 INFO [main] org.apache.catalina.startup.VersionLoggerListener.log Command line argument: -Djava.util.logging.manager=org.apache.juli.ClassLoaderLogManager
20-Aug-2018 11:46:39.700 INFO [main] org.apache.catalina.startup.VersionLoggerListener.log Command line argument: -Dcatalina.base=D:\apache-tomcat-8.5.3
20-Aug-2018 11:46:39.700 INFO [main] org.apache.catalina.startup.VersionLoggerListener.log Command line argument: -Dcatalina.home=D:\apache-tomcat-8.5.3
20-Aug-2018 11:46:39.701 INFO [main] org.apache.catalina.startup.VersionLoggerListener.log Command line argument: -Djava.io.tmpdir=D:\apache-tomcat-8.5.3\temp
20-Aug-2018 11:46:40.630 INFO [main] org.apache.coyote.AbstractProtocol.init Initializing ProtocolHandler ["https-jsse-nio-443"]
20-Aug-2018 11:46:42.361 INFO [main] org.apache.tomcat.util.net.NioSelectorPool.getSharedSelector Using a shared selector for servlet write/read
20-Aug-2018 11:46:42.364 INFO [main] org.apache.coyote.AbstractProtocol.init Initializing ProtocolHandler ["ajp-nio-8007"]
20-Aug-2018 11:46:42.367 INFO [main] org.apache.tomcat.util.net.NioSelectorPool.getSharedSelector Using a shared selector for servlet write/read
20-Aug-2018 11:46:42.367 INFO [main] org.apache.catalina.startup.Catalina.load Initialization processed in 4203 ms
20-Aug-2018 11:46:42.454 INFO [main] org.apache.catalina.core.StandardService.startInternal Starting service Catalina
20-Aug-2018 11:46:42.454 INFO [main] org.apache.catalina.core.StandardEngine.startInternal Starting Servlet Engine: Apache Tomcat/8.5.3
20-Aug-2018 11:46:42.474 INFO [localhost-startStop-1] org.apache.catalina.startup.HostConfig.deployDirectory Deploying web application directory D:\apache-tomcat-8.5.3\webapps\home
20-Aug-2018 11:46:42.742 WARNING [localhost-startStop-1] org.apache.catalina.webresources.Cache.getResource Unable to add the resource at [/WEB-INF/lib/spring-jdbc-3.2.3.RELEASE.jar] to the cache because there was insufficient free space available after evicting expired cache entries - consider increasing the maximum size of the cache
20-Aug-2018 11:46:42.743 WARNING [localhost-startStop-1] org.apache.catalina.webresources.Cache.getResource Unable to add the resource at [/WEB-INF/lib/spring-orm-4.3.4.RELEASE.jar] to the cache because there was insufficient free space available after evicting expired cache entries - consider increasing the maximum size of the cache
20-Aug-2018 11:46:42.745 WARNING [localhost-startStop-1] org.apache.catalina.webresources.Cache.getResource Unable to add the resource at [/WEB-INF/lib/stax2-api-3.1.3.jar] to the cache because there was insufficient free space available after evicting expired cache entries - consider increasing the maximum size of the cache
20-Aug-2018 11:46:42.745 WARNING [localhost-startStop-1] org.apache.catalina.webresources.Cache.getResource Unable to add the resource at [/WEB-INF/lib/woodstox-core-asl-4.2.0.jar] to the cache because there was insufficient free space available after evicting expired cache entries - consider increasing the maximum size of the cache
20-Aug-2018 11:46:42.746 WARNING [localhost-startStop-1] org.apache.catalina.webresources.Cache.getResource Unable to add the resource at [/WEB-INF/lib/wsdl4j-1.6.3.jar] to the cache because there was insufficient free space available after evicting expired cache entries - consider increasing the maximum size of the cache
20-Aug-2018 11:46:42.746 WARNING [localhost-startStop-1] org.apache.catalina.webresources.Cache.getResource Unable to add the resource at [/WEB-INF/lib/xml-resolver-1.2.jar] to the cache because there was insufficient free space available after evicting expired cache entries - consider increasing the maximum size of the cache
20-Aug-2018 11:46:42.747 WARNING [localhost-startStop-1] org.apache.catalina.webresources.Cache.getResource Unable to add the resource at [/WEB-INF/lib/xmlschema-core-2.0.3.jar] to the cache because there was insufficient free space available after evicting expired cache entries - consider increasing the maximum size of the cache
20-Aug-2018 11:46:46.789 WARNING [localhost-startStop-1] org.apache.catalina.webresources.Cache.getResource Unable to add the resource at [/WEB-INF/lib/spring-jdbc-3.2.3.RELEASE.jar] to the cache because there was insufficient free space available after evicting expired cache entries - consider increasing the maximum size of the cache
20-Aug-2018 11:46:46.790 WARNING [localhost-startStop-1] org.apache.catalina.webresources.Cache.getResource Unable to add the resource at [/WEB-INF/lib/spring-orm-4.3.4.RELEASE.jar] to the cache because there was insufficient free space available after evicting expired cache entries - consider increasing the maximum size of the cache
20-Aug-2018 11:46:46.791 WARNING [localhost-startStop-1] org.apache.catalina.webresources.Cache.getResource Unable to add the resource at [/WEB-INF/lib/stax2-api-3.1.3.jar] to the cache because there was insufficient free space available after evicting expired cache entries - consider increasing the maximum size of the cache
20-Aug-2018 11:46:46.792 WARNING [localhost-startStop-1] org.apache.catalina.webresources.Cache.getResource Unable to add the resource at [/WEB-INF/lib/woodstox-core-asl-4.2.0.jar] to the cache because there was insufficient free space available after evicting expired cache entries - consider increasing the maximum size of the cache
20-Aug-2018 11:46:46.792 WARNING [localhost-startStop-1] org.apache.catalina.webresources.Cache.getResource Unable to add the resource at [/WEB-INF/lib/wsdl4j-1.6.3.jar] to the cache because there was insufficient free space available after evicting expired cache entries - consider increasing the maximum size of the cache
20-Aug-2018 11:46:46.793 WARNING [localhost-startStop-1] org.apache.catalina.webresources.Cache.getResource Unable to add the resource at [/WEB-INF/lib/xml-resolver-1.2.jar] to the cache because there was insufficient free space available after evicting expired cache entries - consider increasing the maximum size of the cache
20-Aug-2018 11:46:46.793 WARNING [localhost-startStop-1] org.apache.catalina.webresources.Cache.getResource Unable to add the resource at [/WEB-INF/lib/xmlschema-core-2.0.3.jar] to the cache because there was insufficient free space available after evicting expired cache entries - consider increasing the maximum size of the cache
20-Aug-2018 11:46:47.289 WARNING [localhost-startStop-1] org.apache.catalina.webresources.Cache.getResource Unable to add the resource at [/WEB-INF/lib/stax2-api-3.1.3.jar] to the cache because there was insufficient free space available after evicting expired cache entries - consider increasing the maximum size of the cache
20-Aug-2018 11:46:47.292 WARNING [localhost-startStop-1] org.apache.catalina.webresources.Cache.getResource Unable to add the resource at [/WEB-INF/lib/spring-jdbc-3.2.3.RELEASE.jar] to the cache because there was insufficient free space available after evicting expired cache entries - consider increasing the maximum size of the cache
20-Aug-2018 11:46:47.296 WARNING [localhost-startStop-1] org.apache.catalina.webresources.Cache.getResource Unable to add the resource at [/WEB-INF/lib/xmlschema-core-2.0.3.jar] to the cache because there was insufficient free space available after evicting expired cache entries - consider increasing the maximum size of the cache
20-Aug-2018 11:46:47.300 WARNING [localhost-startStop-1] org.apache.catalina.webresources.Cache.getResource Unable to add the resource at [/WEB-INF/lib/woodstox-core-asl-4.2.0.jar] to the cache because there was insufficient free space available after evicting expired cache entries - consider increasing the maximum size of the cache
20-Aug-2018 11:46:47.303 WARNING [localhost-startStop-1] org.apache.catalina.webresources.Cache.getResource Unable to add the resource at [/WEB-INF/lib/xml-resolver-1.2.jar] to the cache because there was insufficient free space available after evicting expired cache entries - consider increasing the maximum size of the cache
20-Aug-2018 11:46:47.306 WARNING [localhost-startStop-1] org.apache.catalina.webresources.Cache.getResource Unable to add the resource at [/WEB-INF/lib/spring-orm-4.3.4.RELEASE.jar] to the cache because there was insufficient free space available after evicting expired cache entries - consider increasing the maximum size of the cache
20-Aug-2018 11:46:58.596 INFO [localhost-startStop-1] org.apache.jasper.servlet.TldScanner.scanJars At least one JAR was scanned for TLDs yet contained no TLDs. Enable debug logging for this logger for a complete list of JARs that were scanned but no TLDs were found in them. Skipping unneeded JARs during scanning can improve startup time and JSP compilation time.
20-Aug-2018 11:47:14.728 INFO [localhost-startStop-1] org.apache.catalina.startup.HostConfig.deployDirectory Deployment of web application directory D:\apache-tomcat-8.5.3\webapps\home has finished in 32,241 ms
20-Aug-2018 11:47:14.734 INFO [main] org.apache.coyote.AbstractProtocol.start Starting ProtocolHandler [https-jsse-nio-443]
20-Aug-2018 11:47:14.755 INFO [main] org.apache.coyote.AbstractProtocol.start Starting ProtocolHandler [ajp-nio-8007]
20-Aug-2018 11:47:14.763 INFO [main] org.apache.catalina.startup.Catalina.start Server startup in 32395 ms
20-Aug-2018 13:37:14.379 INFO [main] org.apache.catalina.startup.VersionLoggerListener.log Server version:        Apache Tomcat/8.5.3
20-Aug-2018 13:37:14.383 INFO [main] org.apache.catalina.startup.VersionLoggerListener.log Server built:          Jun 9 2016 11:16:29 UTC
20-Aug-2018 13:37:14.383 INFO [main] org.apache.catalina.startup.VersionLoggerListener.log Server number:         8.5.3.0
20-Aug-2018 13:37:14.384 INFO [main] org.apache.catalina.startup.VersionLoggerListener.log OS Name:               Windows 8.1
20-Aug-2018 13:37:14.385 INFO [main] org.apache.catalina.startup.VersionLoggerListener.log OS Version:            6.3
20-Aug-2018 13:37:14.385 INFO [main] org.apache.catalina.startup.VersionLoggerListener.log Architecture:          amd64
20-Aug-2018 13:37:14.386 INFO [main] org.apache.catalina.startup.VersionLoggerListener.log Java Home:             D:\jdk1.8.0_121\jre
20-Aug-2018 13:37:14.386 INFO [main] org.apache.catalina.startup.VersionLoggerListener.log JVM Version:           1.8.0_121-b13
20-Aug-2018 13:37:14.387 INFO [main] org.apache.catalina.startup.VersionLoggerListener.log JVM Vendor:            Oracle Corporation
20-Aug-2018 13:37:14.388 INFO [main] org.apache.catalina.startup.VersionLoggerListener.log CATALINA_BASE:         D:\apache-tomcat-8.5.3
20-Aug-2018 13:37:14.389 INFO [main] org.apache.catalina.startup.VersionLoggerListener.log CATALINA_HOME:         D:\apache-tomcat-8.5.3
20-Aug-2018 13:37:14.390 INFO [main] org.apache.catalina.startup.VersionLoggerListener.log Command line argument: -Djdk.tls.ephemeralDHKeySize=2048
20-Aug-2018 13:37:14.390 INFO [main] org.apache.catalina.startup.VersionLoggerListener.log Command line argument: -Djava.util.logging.config.file=D:\apache-tomcat-8.5.3\conf\logging.properties
20-Aug-2018 13:37:14.391 INFO [main] org.apache.catalina.startup.VersionLoggerListener.log Command line argument: -Djava.util.logging.manager=org.apache.juli.ClassLoaderLogManager
20-Aug-2018 13:37:14.391 INFO [main] org.apache.catalina.startup.VersionLoggerListener.log Command line argument: -Dcatalina.base=D:\apache-tomcat-8.5.3
20-Aug-2018 13:37:14.392 INFO [main] org.apache.catalina.startup.VersionLoggerListener.log Command line argument: -Dcatalina.home=D:\apache-tomcat-8.5.3
20-Aug-2018 13:37:14.392 INFO [main] org.apache.catalina.startup.VersionLoggerListener.log Command line argument: -Djava.io.tmpdir=D:\apache-tomcat-8.5.3\temp
20-Aug-2018 13:37:15.485 INFO [main] org.apache.coyote.AbstractProtocol.init Initializing ProtocolHandler ["https-jsse-nio-443"]
20-Aug-2018 13:37:16.482 INFO [main] org.apache.tomcat.util.net.NioSelectorPool.getSharedSelector Using a shared selector for servlet write/read
20-Aug-2018 13:37:16.484 INFO [main] org.apache.coyote.AbstractProtocol.init Initializing ProtocolHandler ["ajp-nio-8007"]
20-Aug-2018 13:37:16.486 INFO [main] org.apache.tomcat.util.net.NioSelectorPool.getSharedSelector Using a shared selector for servlet write/read
20-Aug-2018 13:37:16.487 INFO [main] org.apache.catalina.startup.Catalina.load Initialization processed in 3760 ms
20-Aug-2018 13:37:16.572 INFO [main] org.apache.catalina.core.StandardService.startInternal Starting service Catalina
20-Aug-2018 13:37:16.572 INFO [main] org.apache.catalina.core.StandardEngine.startInternal Starting Servlet Engine: Apache Tomcat/8.5.3
20-Aug-2018 13:37:16.593 INFO [localhost-startStop-1] org.apache.catalina.startup.HostConfig.deployDirectory Deploying web application directory D:\apache-tomcat-8.5.3\webapps\home
20-Aug-2018 13:37:16.708 WARNING [localhost-startStop-1] org.apache.catalina.webresources.Cache.getResource Unable to add the resource at [/WEB-INF/lib/spring-jdbc-3.2.3.RELEASE.jar] to the cache because there was insufficient free space available after evicting expired cache entries - consider increasing the maximum size of the cache
20-Aug-2018 13:37:16.708 WARNING [localhost-startStop-1] org.apache.catalina.webresources.Cache.getResource Unable to add the resource at [/WEB-INF/lib/spring-orm-4.3.4.RELEASE.jar] to the cache because there was insufficient free space available after evicting expired cache entries - consider increasing the maximum size of the cache
20-Aug-2018 13:37:16.711 WARNING [localhost-startStop-1] org.apache.catalina.webresources.Cache.getResource Unable to add the resource at [/WEB-INF/lib/stax2-api-3.1.3.jar] to the cache because there was insufficient free space available after evicting expired cache entries - consider increasing the maximum size of the cache
20-Aug-2018 13:37:16.712 WARNING [localhost-startStop-1] org.apache.catalina.webresources.Cache.getResource Unable to add the resource at [/WEB-INF/lib/woodstox-core-asl-4.2.0.jar] to the cache because there was insufficient free space available after evicting expired cache entries - consider increasing the maximum size of the cache
20-Aug-2018 13:37:16.712 WARNING [localhost-startStop-1] org.apache.catalina.webresources.Cache.getResource Unable to add the resource at [/WEB-INF/lib/wsdl4j-1.6.3.jar] to the cache because there was insufficient free space available after evicting expired cache entries - consider increasing the maximum size of the cache
20-Aug-2018 13:37:16.713 WARNING [localhost-startStop-1] org.apache.catalina.webresources.Cache.getResource Unable to add the resource at [/WEB-INF/lib/xml-resolver-1.2.jar] to the cache because there was insufficient free space available after evicting expired cache entries - consider increasing the maximum size of the cache
20-Aug-2018 13:37:16.714 WARNING [localhost-startStop-1] org.apache.catalina.webresources.Cache.getResource Unable to add the resource at [/WEB-INF/lib/xmlschema-core-2.0.3.jar] to the cache because there was insufficient free space available after evicting expired cache entries - consider increasing the maximum size of the cache
20-Aug-2018 13:37:18.324 WARNING [localhost-startStop-1] org.apache.catalina.webresources.Cache.getResource Unable to add the resource at [/WEB-INF/lib/spring-jdbc-3.2.3.RELEASE.jar] to the cache because there was insufficient free space available after evicting expired cache entries - consider increasing the maximum size of the cache
20-Aug-2018 13:37:18.327 WARNING [localhost-startStop-1] org.apache.catalina.webresources.Cache.getResource Unable to add the resource at [/WEB-INF/lib/spring-orm-4.3.4.RELEASE.jar] to the cache because there was insufficient free space available after evicting expired cache entries - consider increasing the maximum size of the cache
20-Aug-2018 13:37:18.329 WARNING [localhost-startStop-1] org.apache.catalina.webresources.Cache.getResource Unable to add the resource at [/WEB-INF/lib/stax2-api-3.1.3.jar] to the cache because there was insufficient free space available after evicting expired cache entries - consider increasing the maximum size of the cache
20-Aug-2018 13:37:18.331 WARNING [localhost-startStop-1] org.apache.catalina.webresources.Cache.getResource Unable to add the resource at [/WEB-INF/lib/woodstox-core-asl-4.2.0.jar] to the cache because there was insufficient free space available after evicting expired cache entries - consider increasing the maximum size of the cache
20-Aug-2018 13:37:18.332 WARNING [localhost-startStop-1] org.apache.catalina.webresources.Cache.getResource Unable to add the resource at [/WEB-INF/lib/wsdl4j-1.6.3.jar] to the cache because there was insufficient free space available after evicting expired cache entries - consider increasing the maximum size of the cache
20-Aug-2018 13:37:18.333 WARNING [localhost-startStop-1] org.apache.catalina.webresources.Cache.getResource Unable to add the resource at [/WEB-INF/lib/xml-resolver-1.2.jar] to the cache because there was insufficient free space available after evicting expired cache entries - consider increasing the maximum size of the cache
20-Aug-2018 13:37:18.334 WARNING [localhost-startStop-1] org.apache.catalina.webresources.Cache.getResource Unable to add the resource at [/WEB-INF/lib/xmlschema-core-2.0.3.jar] to the cache because there was insufficient free space available after evicting expired cache entries - consider increasing the maximum size of the cache
20-Aug-2018 13:37:18.672 WARNING [localhost-startStop-1] org.apache.catalina.webresources.Cache.getResource Unable to add the resource at [/WEB-INF/lib/stax2-api-3.1.3.jar] to the cache because there was insufficient free space available after evicting expired cache entries - consider increasing the maximum size of the cache
20-Aug-2018 13:37:18.674 WARNING [localhost-startStop-1] org.apache.catalina.webresources.Cache.getResource Unable to add the resource at [/WEB-INF/lib/spring-jdbc-3.2.3.RELEASE.jar] to the cache because there was insufficient free space available after evicting expired cache entries - consider increasing the maximum size of the cache
20-Aug-2018 13:37:18.677 WARNING [localhost-startStop-1] org.apache.catalina.webresources.Cache.getResource Unable to add the resource at [/WEB-INF/lib/xmlschema-core-2.0.3.jar] to the cache because there was insufficient free space available after evicting expired cache entries - consider increasing the maximum size of the cache
20-Aug-2018 13:37:18.680 WARNING [localhost-startStop-1] org.apache.catalina.webresources.Cache.getResource Unable to add the resource at [/WEB-INF/lib/woodstox-core-asl-4.2.0.jar] to the cache because there was insufficient free space available after evicting expired cache entries - consider increasing the maximum size of the cache
20-Aug-2018 13:37:18.686 WARNING [localhost-startStop-1] org.apache.catalina.webresources.Cache.getResource Unable to add the resource at [/WEB-INF/lib/xml-resolver-1.2.jar] to the cache because there was insufficient free space available after evicting expired cache entries - consider increasing the maximum size of the cache
20-Aug-2018 13:37:18.691 WARNING [localhost-startStop-1] org.apache.catalina.webresources.Cache.getResource Unable to add the resource at [/WEB-INF/lib/spring-orm-4.3.4.RELEASE.jar] to the cache because there was insufficient free space available after evicting expired cache entries - consider increasing the maximum size of the cache
20-Aug-2018 13:37:29.281 INFO [localhost-startStop-1] org.apache.jasper.servlet.TldScanner.scanJars At least one JAR was scanned for TLDs yet contained no TLDs. Enable debug logging for this logger for a complete list of JARs that were scanned but no TLDs were found in them. Skipping unneeded JARs during scanning can improve startup time and JSP compilation time.
20-Aug-2018 13:37:41.671 INFO [localhost-startStop-1] org.apache.catalina.startup.HostConfig.deployDirectory Deployment of web application directory D:\apache-tomcat-8.5.3\webapps\home has finished in 25,077 ms
20-Aug-2018 13:37:41.678 INFO [main] org.apache.coyote.AbstractProtocol.start Starting ProtocolHandler [https-jsse-nio-443]
20-Aug-2018 13:37:41.697 INFO [main] org.apache.coyote.AbstractProtocol.start Starting ProtocolHandler [ajp-nio-8007]
20-Aug-2018 13:37:41.702 INFO [main] org.apache.catalina.startup.Catalina.start Server startup in 25215 ms
20-Aug-2018 13:46:51.261 INFO [Thread-10] org.apache.coyote.AbstractProtocol.pause Pausing ProtocolHandler ["https-jsse-nio-443"]
