09-Aug-2018 10:45:12.202 INFO [localhost-startStop-1] org.apache.catalina.core.ApplicationContext.log No Spring WebApplicationInitializer types detected on classpath
09-Aug-2018 10:45:15.214 INFO [localhost-startStop-1] org.apache.catalina.core.ApplicationContext.log Initializing Spring root WebApplicationContext
09-Aug-2018 10:45:28.752 INFO [localhost-startStop-1] org.apache.catalina.core.ApplicationContext.log Initializing Spring FrameworkServlet 'dispatcherServlet'
09-Aug-2018 11:43:57.138 INFO [localhost-startStop-1] org.apache.catalina.core.ApplicationContext.log No Spring WebApplicationInitializer types detected on classpath
09-Aug-2018 11:43:57.560 INFO [localhost-startStop-1] org.apache.catalina.core.ApplicationContext.log Initializing Spring root WebApplicationContext
09-Aug-2018 11:44:16.323 INFO [localhost-startStop-1] org.apache.catalina.core.ApplicationContext.log Initializing Spring FrameworkServlet 'dispatcherServlet'
09-Aug-2018 11:50:22.330 INFO [ContainerBackgroundProcessor[StandardEngine[Catalina]]] org.apache.catalina.core.ApplicationContext.log Destroying Spring FrameworkServlet 'dispatcherServlet'
09-Aug-2018 11:50:22.330 INFO [ContainerBackgroundProcessor[StandardEngine[Catalina]]] org.apache.catalina.core.ApplicationContext.log Closing Spring root WebApplicationContext
09-Aug-2018 11:51:08.162 INFO [localhost-startStop-1] org.apache.catalina.core.ApplicationContext.log No Spring WebApplicationInitializer types detected on classpath
09-Aug-2018 11:51:10.165 INFO [localhost-startStop-1] org.apache.catalina.core.ApplicationContext.log Initializing Spring root WebApplicationContext
09-Aug-2018 11:51:20.229 INFO [localhost-startStop-1] org.apache.catalina.core.ApplicationContext.log Initializing Spring FrameworkServlet 'dispatcherServlet'
09-Aug-2018 13:41:52.537 INFO [localhost-startStop-1] org.apache.catalina.core.ApplicationContext.log No Spring WebApplicationInitializer types detected on classpath
09-Aug-2018 13:41:52.988 INFO [localhost-startStop-1] org.apache.catalina.core.ApplicationContext.log Initializing Spring root WebApplicationContext
09-Aug-2018 13:42:00.797 INFO [localhost-startStop-1] org.apache.catalina.core.ApplicationContext.log Initializing Spring FrameworkServlet 'dispatcherServlet'
09-Aug-2018 14:16:37.808 INFO [localhost-startStop-1] org.apache.catalina.core.ApplicationContext.log No Spring WebApplicationInitializer types detected on classpath
09-Aug-2018 14:16:38.875 INFO [localhost-startStop-1] org.apache.catalina.core.ApplicationContext.log Initializing Spring root WebApplicationContext
09-Aug-2018 14:17:02.729 INFO [localhost-startStop-1] org.apache.catalina.core.ApplicationContext.log Initializing Spring FrameworkServlet 'dispatcherServlet'
09-Aug-2018 14:22:22.712 INFO [localhost-startStop-1] org.apache.catalina.core.ApplicationContext.log No Spring WebApplicationInitializer types detected on classpath
09-Aug-2018 14:22:22.953 INFO [localhost-startStop-1] org.apache.catalina.core.ApplicationContext.log Initializing Spring root WebApplicationContext
09-Aug-2018 14:22:31.437 INFO [localhost-startStop-1] org.apache.catalina.core.ApplicationContext.log Initializing Spring FrameworkServlet 'dispatcherServlet'
09-Aug-2018 14:36:20.072 INFO [localhost-startStop-1] org.apache.catalina.core.ApplicationContext.log No Spring WebApplicationInitializer types detected on classpath
09-Aug-2018 14:36:20.730 INFO [localhost-startStop-1] org.apache.catalina.core.ApplicationContext.log Initializing Spring root WebApplicationContext
09-Aug-2018 14:36:35.635 INFO [localhost-startStop-1] org.apache.catalina.core.ApplicationContext.log Initializing Spring FrameworkServlet 'dispatcherServlet'
09-Aug-2018 14:48:36.888 INFO [localhost-startStop-1] org.apache.catalina.core.ApplicationContext.log No Spring WebApplicationInitializer types detected on classpath
09-Aug-2018 14:48:37.079 INFO [localhost-startStop-1] org.apache.catalina.core.ApplicationContext.log Initializing Spring root WebApplicationContext
09-Aug-2018 14:48:50.233 INFO [localhost-startStop-1] org.apache.catalina.core.ApplicationContext.log Initializing Spring FrameworkServlet 'dispatcherServlet'
